#
# There is insufficient memory for the Java Runtime Environment to continue.
# Native memory allocation (malloc) failed to allocate 1254416 bytes for Chunk::new
# Possible reasons:
#   The system is out of physical RAM or swap space
#   The process is running with CompressedOops enabled, and the Java Heap may be blocking the growth of the native heap
# Possible solutions:
#   Reduce memory load on the system
#   Increase physical memory or swap space
#   Check if swap backing store is full
#   Decrease Java heap size (-Xmx/-Xms)
#   Decrease number of Java threads
#   Decrease Java thread stack sizes (-Xss)
#   Set larger code cache with -XX:ReservedCodeCacheSize=
#   JVM is running with Unscaled Compressed Oops mode in which the Java heap is
#     placed in the first 4GB address space. The Java Heap base address is the
#     maximum limit for the native heap growth. Please use -XX:HeapBaseMinAddress
#     to set the Java Heap base and to place the Java Heap above 4GB virtual address.
# This output file may be truncated or incomplete.
#
#  Out of Memory Error (./src/hotspot/share/memory/arena.cpp:197), pid=7240, tid=5240
#
# JRE version: OpenJDK Runtime Environment (11.0.10) (build 11.0.10+0-b96-7249189)
# Java VM: OpenJDK 64-Bit Server VM (11.0.10+0-b96-7249189, mixed mode, tiered, compressed oops, g1 gc, windows-amd64)
# No core dump will be written. Minidumps are not enabled by default on client versions of Windows
#

---------------  S U M M A R Y ------------

Command Line: --add-opens=java.base/java.util=ALL-UNNAMED --add-opens=java.base/java.lang=ALL-UNNAMED --add-opens=java.base/java.lang.invoke=ALL-UNNAMED --add-opens=java.base/java.util=ALL-UNNAMED --add-opens=java.prefs/java.util.prefs=ALL-UNNAMED --add-opens=java.prefs/java.util.prefs=ALL-UNNAMED --add-opens=java.base/java.nio.charset=ALL-UNNAMED --add-opens=java.base/java.net=ALL-UNNAMED --add-opens=java.base/java.util.concurrent.atomic=ALL-UNNAMED -Xmx2048m -Dfile.encoding=UTF-8 -Duser.country=US -Duser.language=en -Duser.variant org.gradle.launcher.daemon.bootstrap.GradleDaemon 7.0.2

Host: Intel(R) Core(TM) i7-7500U CPU @ 2.70GHz, 4 cores, 7G,  Windows 10 , 64 bit Build 19041 (10.0.19041.1202)
Time: Sat Nov  6 22:04:50 2021 West Bank Gaza Standard Time elapsed time: 3007.783287 seconds (0d 0h 50m 7s)

---------------  T H R E A D  ---------------

Current thread (0x00000284decbf800):  JavaThread "C2 CompilerThread1" daemon [_thread_in_native, id=5240, stack(0x000000f02b600000,0x000000f02b700000)]


Current CompileTask:
C2:3007784 27417       4       com.android.tools.r8.internal.Kv::a (430 bytes)

Stack: [0x000000f02b600000,0x000000f02b700000]
Native frames: (J=compiled Java code, j=interpreted, Vv=VM code, C=native code)
V  [jvm.dll+0x5ecfaa]
V  [jvm.dll+0x722bd5]
V  [jvm.dll+0x72412d]
V  [jvm.dll+0x7247e3]
V  [jvm.dll+0x242928]
V  [jvm.dll+0xbc4fc]
V  [jvm.dll+0xbca0c]
V  [jvm.dll+0x352d3b]
V  [jvm.dll+0x197e0c]
V  [jvm.dll+0x1fb70e]
V  [jvm.dll+0x1fa7f4]
V  [jvm.dll+0x18354c]
V  [jvm.dll+0x208ee7]
V  [jvm.dll+0x207731]
V  [jvm.dll+0x6eb1cf]
V  [jvm.dll+0x6e3d45]
V  [jvm.dll+0x5ebe96]
C  [ucrtbase.dll+0x21bb2]
C  [KERNEL32.DLL+0x17034]
C  [ntdll.dll+0x52651]


---------------  P R O C E S S  ---------------

Threads class SMR info:
_java_thread_list=0x00000284e2c89880, length=54, elements={
0x00000284c17ad800, 0x00000284db383000, 0x00000284db384000, 0x00000284dbd02800,
0x00000284dbd03800, 0x00000284dbd09800, 0x00000284dbd10000, 0x00000284dbd12800,
0x00000284db39e800, 0x00000284dbe52000, 0x00000284dd5cc000, 0x00000284dcbd7800,
0x00000284dcceb800, 0x00000284ddc56800, 0x00000284ddc5b800, 0x00000284ddc59000,
0x00000284ddc5d000, 0x00000284ddc57800, 0x00000284ddc5a000, 0x00000284ddc5a800,
0x00000284dea1f000, 0x00000284dea1f800, 0x00000284dea20800, 0x00000284dea22000,
0x00000284df775000, 0x00000284df776000, 0x00000284decbe800, 0x00000284decbc000,
0x00000284decbd000, 0x00000284decbd800, 0x00000284decb9000, 0x00000284decb9800,
0x00000284decc0000, 0x00000284decba800, 0x00000284decc5000, 0x00000284decc2000,
0x00000284decc4800, 0x00000284decc2800, 0x00000284decc6800, 0x00000284decc1000,
0x00000284decc3800, 0x00000284e12d0000, 0x00000284df778000, 0x00000284df777800,
0x00000284df779000, 0x00000284df773800, 0x00000284df77a000, 0x00000284df774000,
0x00000284e12d1800, 0x00000284e12d3000, 0x00000284e12d5800, 0x00000284dea1e000,
0x00000284dea24000, 0x00000284decbf800
}

Java Threads: ( => current thread )
  0x00000284c17ad800 JavaThread "main" [_thread_blocked, id=2888, stack(0x000000f027c00000,0x000000f027d00000)]
  0x00000284db383000 JavaThread "Reference Handler" daemon [_thread_blocked, id=10160, stack(0x000000f028300000,0x000000f028400000)]
  0x00000284db384000 JavaThread "Finalizer" daemon [_thread_blocked, id=10592, stack(0x000000f028400000,0x000000f028500000)]
  0x00000284dbd02800 JavaThread "Signal Dispatcher" daemon [_thread_blocked, id=11928, stack(0x000000f028500000,0x000000f028600000)]
  0x00000284dbd03800 JavaThread "Attach Listener" daemon [_thread_blocked, id=9616, stack(0x000000f028600000,0x000000f028700000)]
  0x00000284dbd09800 JavaThread "Service Thread" daemon [_thread_blocked, id=11456, stack(0x000000f028700000,0x000000f028800000)]
  0x00000284dbd10000 JavaThread "C2 CompilerThread0" daemon [_thread_in_native, id=6980, stack(0x000000f028800000,0x000000f028900000)]
  0x00000284dbd12800 JavaThread "C1 CompilerThread0" daemon [_thread_blocked, id=10508, stack(0x000000f028900000,0x000000f028a00000)]
  0x00000284db39e800 JavaThread "Sweeper thread" daemon [_thread_blocked, id=9556, stack(0x000000f028a00000,0x000000f028b00000)]
  0x00000284dbe52000 JavaThread "Common-Cleaner" daemon [_thread_blocked, id=12204, stack(0x000000f028b00000,0x000000f028c00000)]
  0x00000284dd5cc000 JavaThread "Daemon health stats" [_thread_blocked, id=7572, stack(0x000000f029000000,0x000000f029100000)]
  0x00000284dcbd7800 JavaThread "Incoming local TCP Connector on port 63416" [_thread_in_native, id=1208, stack(0x000000f028d00000,0x000000f028e00000)]
  0x00000284dcceb800 JavaThread "Daemon periodic checks" [_thread_blocked, id=3124, stack(0x000000f029100000,0x000000f029200000)]
  0x00000284ddc56800 JavaThread "Cache worker for file hash cache (C:\Users\user\.gradle\caches\7.0.2\fileHashes)" [_thread_blocked, id=3848, stack(0x000000f029a00000,0x000000f029b00000)]
  0x00000284ddc5b800 JavaThread "File lock request listener" [_thread_in_native, id=4644, stack(0x000000f029b00000,0x000000f029c00000)]
  0x00000284ddc59000 JavaThread "Cache worker for journal cache (C:\Users\user\.gradle\caches\journal-1)" [_thread_blocked, id=6168, stack(0x000000f029c00000,0x000000f029d00000)]
  0x00000284ddc5d000 JavaThread "File watcher server" daemon [_thread_in_native, id=5584, stack(0x000000f029f00000,0x000000f02a000000)]
  0x00000284ddc57800 JavaThread "File watcher consumer" daemon [_thread_blocked, id=6724, stack(0x000000f02a000000,0x000000f02a100000)]
  0x00000284ddc5a000 JavaThread "jar transforms" [_thread_blocked, id=8924, stack(0x000000f02a100000,0x000000f02a200000)]
  0x00000284ddc5a800 JavaThread "jar transforms Thread 2" [_thread_blocked, id=1964, stack(0x000000f02a200000,0x000000f02a300000)]
  0x00000284dea1f000 JavaThread "jar transforms Thread 3" [_thread_blocked, id=12284, stack(0x000000f02a300000,0x000000f02a400000)]
  0x00000284dea1f800 JavaThread "jar transforms Thread 4" [_thread_blocked, id=6584, stack(0x000000f02a400000,0x000000f02a500000)]
  0x00000284dea20800 JavaThread "Cache worker for execution history cache (C:\Users\user\.gradle\caches\7.0.2\executionHistory)" [_thread_blocked, id=11636, stack(0x000000f02a800000,0x000000f02a900000)]
  0x00000284dea22000 JavaThread "Cache worker for file content cache (C:\Users\user\.gradle\caches\7.0.2\fileContent)" [_thread_blocked, id=708, stack(0x000000f02a900000,0x000000f02aa00000)]
  0x00000284df775000 JavaThread "Memory manager" [_thread_blocked, id=4588, stack(0x000000f027a00000,0x000000f027b00000)]
  0x00000284df776000 JavaThread "pool-3-thread-1" [_thread_blocked, id=12088, stack(0x000000f027b00000,0x000000f027c00000)]
  0x00000284decbe800 JavaThread "Daemon Thread 2" [_thread_blocked, id=8208, stack(0x000000f027900000,0x000000f027a00000)]
  0x00000284decbc000 JavaThread "Handler for socket connection from /127.0.0.1:63416 to /127.0.0.1:64102" [_thread_in_native, id=10396, stack(0x000000f029200000,0x000000f029300000)]
  0x00000284decbd000 JavaThread "Cancel handler" [_thread_blocked, id=9928, stack(0x000000f029300000,0x000000f029400000)]
  0x00000284decbd800 JavaThread "Daemon worker Thread 2" [_thread_blocked, id=6568, stack(0x000000f029400000,0x000000f029500000)]
  0x00000284decb9000 JavaThread "Asynchronous log dispatcher for DefaultDaemonConnection: socket connection from /127.0.0.1:63416 to /127.0.0.1:64102" [_thread_blocked, id=8548, stack(0x000000f029500000,0x000000f029600000)]
  0x00000284decb9800 JavaThread "Daemon client event forwarder" [_thread_blocked, id=11020, stack(0x000000f029700000,0x000000f029800000)]
  0x00000284decc0000 JavaThread "Cache worker for file hash cache (E:\androidprojects\.gradle\7.0.2\fileHashes)" [_thread_blocked, id=3780, stack(0x000000f029800000,0x000000f029900000)]
  0x00000284decba800 JavaThread "Cache worker for checksums cache (E:\androidprojects\.gradle\checksums)" [_thread_blocked, id=10880, stack(0x000000f029d00000,0x000000f029e00000)]
  0x00000284decc5000 JavaThread "Cache worker for cache directory md-supplier (C:\Users\user\.gradle\caches\7.0.2\md-supplier)" [_thread_blocked, id=10264, stack(0x000000f029e00000,0x000000f029f00000)]
  0x00000284decc2000 JavaThread "Cache worker for cache directory md-rule (C:\Users\user\.gradle\caches\7.0.2\md-rule)" [_thread_blocked, id=424, stack(0x000000f02a500000,0x000000f02a600000)]
  0x00000284decc4800 JavaThread "Cache worker for dependencies-accessors (E:\androidprojects\.gradle\7.0.2\dependencies-accessors)" [_thread_blocked, id=4496, stack(0x000000f02a600000,0x000000f02a700000)]
  0x00000284decc2800 JavaThread "Cache worker for Build Output Cleanup Cache (E:\androidprojects\.gradle\buildOutputCleanup)" [_thread_blocked, id=2580, stack(0x000000f02a700000,0x000000f02a800000)]
  0x00000284decc6800 JavaThread "Build operations" [_thread_in_vm, id=11920, stack(0x000000f02ab00000,0x000000f02ac00000)]
  0x00000284decc1000 JavaThread "Build operations Thread 2" [_thread_in_Java, id=6992, stack(0x000000f02ac00000,0x000000f02ad00000)]
  0x00000284decc3800 JavaThread "Build operations Thread 3" [_thread_in_Java, id=11332, stack(0x000000f02ad00000,0x000000f02ae00000)]
  0x00000284e12d0000 JavaThread "Build operations Thread 4" [_thread_blocked, id=11364, stack(0x000000f02ae00000,0x000000f02af00000)]
  0x00000284df778000 JavaThread "build event listener" [_thread_blocked, id=5032, stack(0x000000f02aa00000,0x000000f02ab00000)]
  0x00000284df777800 JavaThread "pool-8-thread-1" [_thread_blocked, id=4296, stack(0x000000f02af00000,0x000000f02b000000)]
  0x00000284df779000 JavaThread "build event listener" [_thread_blocked, id=9064, stack(0x000000f02b000000,0x000000f02b100000)]
  0x00000284df773800 JavaThread "Execution worker for ':'" [_thread_blocked, id=10940, stack(0x000000f02b100000,0x000000f02b200000)]
  0x00000284df77a000 JavaThread "Execution worker for ':' Thread 2" [_thread_blocked, id=6688, stack(0x000000f02b200000,0x000000f02b300000)]
  0x00000284df774000 JavaThread "Execution worker for ':' Thread 3" [_thread_in_Java, id=6192, stack(0x000000f02b300000,0x000000f02b400000)]
  0x00000284e12d1800 JavaThread "Cache worker for execution history cache (E:\androidprojects\.gradle\7.0.2\executionHistory)" [_thread_blocked, id=12136, stack(0x000000f02b400000,0x000000f02b500000)]
  0x00000284e12d3000 JavaThread "WorkerExecutor Queue" [_thread_blocked, id=11244, stack(0x000000f02b500000,0x000000f02b600000)]
  0x00000284e12d5800 JavaThread "WorkerExecutor Queue Thread 2" [_thread_blocked, id=4536, stack(0x000000f029600000,0x000000f029700000)]
  0x00000284dea1e000 JavaThread "WorkerExecutor Queue Thread 3" [_thread_blocked, id=6196, stack(0x000000f02b700000,0x000000f02b800000)]
  0x00000284dea24000 JavaThread "WorkerExecutor Queue Thread 4" [_thread_blocked, id=3008, stack(0x000000f02b800000,0x000000f02b900000)]
=>0x00000284decbf800 JavaThread "C2 CompilerThread1" daemon [_thread_in_native, id=5240, stack(0x000000f02b600000,0x000000f02b700000)]

Other Threads:
  0x00000284db37d000 VMThread "VM Thread" [stack: 0x000000f028200000,0x000000f028300000] [id=8664]
  0x00000284dbe95000 WatcherThread [stack: 0x000000f028c00000,0x000000f028d00000] [id=928]
  0x00000284c17c5800 GCTaskThread "GC Thread#0" [stack: 0x000000f027d00000,0x000000f027e00000] [id=8108]
  0x00000284dc60b000 GCTaskThread "GC Thread#1" [stack: 0x000000f028e00000,0x000000f028f00000] [id=6000]
  0x00000284dc19c000 GCTaskThread "GC Thread#2" [stack: 0x000000f028f00000,0x000000f029000000] [id=9916]
  0x00000284de7d0000 GCTaskThread "GC Thread#3" [stack: 0x000000f029900000,0x000000f029a00000] [id=7120]
  0x00000284c17f5000 ConcurrentGCThread "G1 Main Marker" [stack: 0x000000f027e00000,0x000000f027f00000] [id=4128]
  0x00000284c17f7800 ConcurrentGCThread "G1 Conc#0" [stack: 0x000000f027f00000,0x000000f028000000] [id=11856]
  0x00000284db1d0800 ConcurrentGCThread "G1 Refine#0" [stack: 0x000000f028000000,0x000000f028100000] [id=8888]
  0x00000284db1d1800 ConcurrentGCThread "G1 Young RemSet Sampling" [stack: 0x000000f028100000,0x000000f028200000] [id=6696]

Threads with active compile tasks:
C2 CompilerThread03007901 27422       4       com.android.tools.r8.internal.c9::a (485 bytes)
C2 CompilerThread13007901 27417       4       com.android.tools.r8.internal.Kv::a (430 bytes)

VM state:not at safepoint (normal execution)

VM Mutex/Monitor currently owned by a thread: None

Heap address: 0x0000000080000000, size: 2048 MB, Compressed Oops mode: 32-bit
Narrow klass base: 0x0000000000000000, Narrow klass shift: 3
Compressed class space size: 1073741824 Address: 0x0000000100000000

Heap:
 garbage-first heap   total 276480K, used 207038K [0x0000000080000000, 0x0000000100000000)
  region size 1024K, 62 young (63488K), 3 survivors (3072K)
 Metaspace       used 143962K, capacity 147276K, committed 147492K, reserved 1177600K
  class space    used 17397K, capacity 18665K, committed 18764K, reserved 1048576K
Heap Regions: E=young(eden), S=young(survivor), O=old, HS=humongous(starts), HC=humongous(continues), CS=collection set, F=free, A=archive, TAMS=top-at-mark-start (previous, next)
|   0|0x0000000080000000, 0x0000000080100000, 0x0000000080100000|100%| O|  |TAMS 0x0000000080100000, 0x0000000080000000| Untracked 
|   1|0x0000000080100000, 0x0000000080200000, 0x0000000080200000|100%| O|  |TAMS 0x0000000080200000, 0x0000000080100000| Untracked 
|   2|0x0000000080200000, 0x0000000080300000, 0x0000000080300000|100%| O|  |TAMS 0x0000000080300000, 0x0000000080200000| Untracked 
|   3|0x0000000080300000, 0x0000000080400000, 0x0000000080400000|100%|HS|  |TAMS 0x0000000080400000, 0x0000000080300000| Complete 
|   4|0x0000000080400000, 0x0000000080500000, 0x0000000080500000|100%|HC|  |TAMS 0x0000000080500000, 0x0000000080400000| Complete 
|   5|0x0000000080500000, 0x0000000080600000, 0x0000000080600000|100%|HC|  |TAMS 0x0000000080600000, 0x0000000080500000| Complete 
|   6|0x0000000080600000, 0x0000000080700000, 0x0000000080700000|100%| O|  |TAMS 0x0000000080700000, 0x0000000080600000| Untracked 
|   7|0x0000000080700000, 0x0000000080800000, 0x0000000080800000|100%| O|  |TAMS 0x0000000080800000, 0x0000000080700000| Untracked 
|   8|0x0000000080800000, 0x0000000080900000, 0x0000000080900000|100%| O|  |TAMS 0x0000000080900000, 0x0000000080800000| Untracked 
|   9|0x0000000080900000, 0x0000000080a00000, 0x0000000080a00000|100%| O|  |TAMS 0x0000000080a00000, 0x0000000080900000| Untracked 
|  10|0x0000000080a00000, 0x0000000080b00000, 0x0000000080b00000|100%| O|  |TAMS 0x0000000080b00000, 0x0000000080a00000| Untracked 
|  11|0x0000000080b00000, 0x0000000080c00000, 0x0000000080c00000|100%| O|  |TAMS 0x0000000080c00000, 0x0000000080b00000| Untracked 
|  12|0x0000000080c00000, 0x0000000080d00000, 0x0000000080d00000|100%| O|  |TAMS 0x0000000080d00000, 0x0000000080c00000| Untracked 
|  13|0x0000000080d00000, 0x0000000080e00000, 0x0000000080e00000|100%| O|  |TAMS 0x0000000080e00000, 0x0000000080d00000| Untracked 
|  14|0x0000000080e00000, 0x0000000080f00000, 0x0000000080f00000|100%| O|  |TAMS 0x0000000080f00000, 0x0000000080e00000| Untracked 
|  15|0x0000000080f00000, 0x0000000081000000, 0x0000000081000000|100%|HS|  |TAMS 0x0000000081000000, 0x0000000080f00000| Complete 
|  16|0x0000000081000000, 0x0000000081100000, 0x0000000081100000|100%|HC|  |TAMS 0x0000000081100000, 0x0000000081000000| Complete 
|  17|0x0000000081100000, 0x0000000081200000, 0x0000000081200000|100%|HS|  |TAMS 0x0000000081200000, 0x0000000081100000| Complete 
|  18|0x0000000081200000, 0x0000000081300000, 0x0000000081300000|100%|HC|  |TAMS 0x0000000081300000, 0x0000000081200000| Complete 
|  19|0x0000000081300000, 0x0000000081400000, 0x0000000081400000|100%|HC|  |TAMS 0x0000000081400000, 0x0000000081300000| Complete 
|  20|0x0000000081400000, 0x0000000081500000, 0x0000000081500000|100%|HS|  |TAMS 0x0000000081500000, 0x0000000081400000| Complete 
|  21|0x0000000081500000, 0x0000000081600000, 0x0000000081600000|100%|HC|  |TAMS 0x0000000081600000, 0x0000000081500000| Complete 
|  22|0x0000000081600000, 0x0000000081700000, 0x0000000081700000|100%|HC|  |TAMS 0x0000000081700000, 0x0000000081600000| Complete 
|  23|0x0000000081700000, 0x0000000081800000, 0x0000000081800000|100%|HC|  |TAMS 0x0000000081800000, 0x0000000081700000| Complete 
|  24|0x0000000081800000, 0x0000000081900000, 0x0000000081900000|100%|HC|  |TAMS 0x0000000081900000, 0x0000000081800000| Complete 
|  25|0x0000000081900000, 0x0000000081a00000, 0x0000000081a00000|100%| O|  |TAMS 0x0000000081a00000, 0x0000000081900000| Untracked 
|  26|0x0000000081a00000, 0x0000000081b00000, 0x0000000081b00000|100%| O|  |TAMS 0x0000000081b00000, 0x0000000081a00000| Untracked 
|  27|0x0000000081b00000, 0x0000000081c00000, 0x0000000081c00000|100%| O|  |TAMS 0x0000000081c00000, 0x0000000081b00000| Untracked 
|  28|0x0000000081c00000, 0x0000000081d00000, 0x0000000081d00000|100%| O|  |TAMS 0x0000000081d00000, 0x0000000081c00000| Untracked 
|  29|0x0000000081d00000, 0x0000000081e00000, 0x0000000081e00000|100%| O|  |TAMS 0x0000000081e00000, 0x0000000081d00000| Untracked 
|  30|0x0000000081e00000, 0x0000000081f00000, 0x0000000081f00000|100%| O|  |TAMS 0x0000000081f00000, 0x0000000081e00000| Untracked 
|  31|0x0000000081f00000, 0x0000000082000000, 0x0000000082000000|100%| O|  |TAMS 0x0000000082000000, 0x0000000081f00000| Untracked 
|  32|0x0000000082000000, 0x0000000082100000, 0x0000000082100000|100%| O|  |TAMS 0x0000000082100000, 0x0000000082000000| Untracked 
|  33|0x0000000082100000, 0x0000000082200000, 0x0000000082200000|100%| O|  |TAMS 0x0000000082200000, 0x0000000082100000| Untracked 
|  34|0x0000000082200000, 0x0000000082300000, 0x0000000082300000|100%| O|  |TAMS 0x0000000082300000, 0x0000000082200000| Untracked 
|  35|0x0000000082300000, 0x0000000082400000, 0x0000000082400000|100%| O|  |TAMS 0x0000000082400000, 0x0000000082300000| Untracked 
|  36|0x0000000082400000, 0x0000000082500000, 0x0000000082500000|100%| O|  |TAMS 0x0000000082500000, 0x0000000082400000| Untracked 
|  37|0x0000000082500000, 0x0000000082600000, 0x0000000082600000|100%| O|  |TAMS 0x0000000082600000, 0x0000000082500000| Untracked 
|  38|0x0000000082600000, 0x0000000082700000, 0x0000000082700000|100%| O|  |TAMS 0x0000000082700000, 0x0000000082600000| Untracked 
|  39|0x0000000082700000, 0x0000000082800000, 0x0000000082800000|100%| O|  |TAMS 0x0000000082800000, 0x0000000082700000| Untracked 
|  40|0x0000000082800000, 0x0000000082900000, 0x0000000082900000|100%| O|  |TAMS 0x0000000082900000, 0x0000000082800000| Untracked 
|  41|0x0000000082900000, 0x0000000082a00000, 0x0000000082a00000|100%| O|  |TAMS 0x0000000082a00000, 0x0000000082900000| Untracked 
|  42|0x0000000082a00000, 0x0000000082b00000, 0x0000000082b00000|100%|HS|  |TAMS 0x0000000082b00000, 0x0000000082a00000| Complete 
|  43|0x0000000082b00000, 0x0000000082c00000, 0x0000000082c00000|100%|HC|  |TAMS 0x0000000082c00000, 0x0000000082b00000| Complete 
|  44|0x0000000082c00000, 0x0000000082d00000, 0x0000000082d00000|100%|HC|  |TAMS 0x0000000082d00000, 0x0000000082c00000| Complete 
|  45|0x0000000082d00000, 0x0000000082e00000, 0x0000000082e00000|100%|HC|  |TAMS 0x0000000082e00000, 0x0000000082d00000| Complete 
|  46|0x0000000082e00000, 0x0000000082f00000, 0x0000000082f00000|100%|HC|  |TAMS 0x0000000082f00000, 0x0000000082e00000| Complete 
|  47|0x0000000082f00000, 0x0000000083000000, 0x0000000083000000|100%| O|  |TAMS 0x0000000083000000, 0x0000000082f00000| Untracked 
|  48|0x0000000083000000, 0x0000000083100000, 0x0000000083100000|100%| O|  |TAMS 0x0000000083100000, 0x0000000083000000| Untracked 
|  49|0x0000000083100000, 0x0000000083200000, 0x0000000083200000|100%| O|  |TAMS 0x0000000083200000, 0x0000000083100000| Untracked 
|  50|0x0000000083200000, 0x0000000083300000, 0x0000000083300000|100%| O|  |TAMS 0x0000000083300000, 0x0000000083200000| Untracked 
|  51|0x0000000083300000, 0x0000000083400000, 0x0000000083400000|100%| O|  |TAMS 0x0000000083400000, 0x0000000083300000| Untracked 
|  52|0x0000000083400000, 0x0000000083500000, 0x0000000083500000|100%| O|  |TAMS 0x0000000083500000, 0x0000000083400000| Untracked 
|  53|0x0000000083500000, 0x0000000083600000, 0x0000000083600000|100%| O|  |TAMS 0x0000000083600000, 0x0000000083500000| Untracked 
|  54|0x0000000083600000, 0x0000000083700000, 0x0000000083700000|100%| O|  |TAMS 0x0000000083700000, 0x0000000083600000| Untracked 
|  55|0x0000000083700000, 0x0000000083800000, 0x0000000083800000|100%| O|  |TAMS 0x0000000083800000, 0x0000000083700000| Untracked 
|  56|0x0000000083800000, 0x0000000083900000, 0x0000000083900000|100%|HS|  |TAMS 0x0000000083900000, 0x0000000083800000| Complete 
|  57|0x0000000083900000, 0x0000000083a00000, 0x0000000083a00000|100%|HC|  |TAMS 0x0000000083a00000, 0x0000000083900000| Complete 
|  58|0x0000000083a00000, 0x0000000083b00000, 0x0000000083b00000|100%|HC|  |TAMS 0x0000000083b00000, 0x0000000083a00000| Complete 
|  59|0x0000000083b00000, 0x0000000083c00000, 0x0000000083c00000|100%| O|  |TAMS 0x0000000083c00000, 0x0000000083b00000| Untracked 
|  60|0x0000000083c00000, 0x0000000083d00000, 0x0000000083d00000|100%| O|  |TAMS 0x0000000083d00000, 0x0000000083c00000| Untracked 
|  61|0x0000000083d00000, 0x0000000083e00000, 0x0000000083e00000|100%| O|  |TAMS 0x0000000083e00000, 0x0000000083d00000| Untracked 
|  62|0x0000000083e00000, 0x0000000083f00000, 0x0000000083f00000|100%| O|  |TAMS 0x0000000083f00000, 0x0000000083e00000| Untracked 
|  63|0x0000000083f00000, 0x0000000084000000, 0x0000000084000000|100%| O|  |TAMS 0x0000000084000000, 0x0000000083f00000| Untracked 
|  64|0x0000000084000000, 0x0000000084100000, 0x0000000084100000|100%| O|  |TAMS 0x0000000084100000, 0x0000000084000000| Untracked 
|  65|0x0000000084100000, 0x0000000084200000, 0x0000000084200000|100%| O|  |TAMS 0x0000000084200000, 0x0000000084100000| Untracked 
|  66|0x0000000084200000, 0x0000000084300000, 0x0000000084300000|100%| O|  |TAMS 0x0000000084300000, 0x0000000084200000| Untracked 
|  67|0x0000000084300000, 0x0000000084400000, 0x0000000084400000|100%| O|  |TAMS 0x0000000084400000, 0x0000000084300000| Untracked 
|  68|0x0000000084400000, 0x0000000084500000, 0x0000000084500000|100%| O|  |TAMS 0x0000000084500000, 0x0000000084400000| Untracked 
|  69|0x0000000084500000, 0x0000000084600000, 0x0000000084600000|100%| O|  |TAMS 0x0000000084600000, 0x0000000084500000| Untracked 
|  70|0x0000000084600000, 0x0000000084700000, 0x0000000084700000|100%| O|  |TAMS 0x0000000084700000, 0x0000000084600000| Untracked 
|  71|0x0000000084700000, 0x0000000084800000, 0x0000000084800000|100%| O|  |TAMS 0x0000000084800000, 0x0000000084700000| Untracked 
|  72|0x0000000084800000, 0x0000000084900000, 0x0000000084900000|100%|HS|  |TAMS 0x0000000084900000, 0x0000000084800000| Complete 
|  73|0x0000000084900000, 0x0000000084a00000, 0x0000000084a00000|100%|HS|  |TAMS 0x0000000084a00000, 0x0000000084900000| Complete 
|  74|0x0000000084a00000, 0x0000000084b00000, 0x0000000084b00000|100%|HS|  |TAMS 0x0000000084b00000, 0x0000000084a00000| Complete 
|  75|0x0000000084b00000, 0x0000000084c00000, 0x0000000084c00000|100%|HC|  |TAMS 0x0000000084c00000, 0x0000000084b00000| Complete 
|  76|0x0000000084c00000, 0x0000000084d00000, 0x0000000084d00000|100%| O|  |TAMS 0x0000000084d00000, 0x0000000084c00000| Untracked 
|  77|0x0000000084d00000, 0x0000000084e00000, 0x0000000084e00000|100%| O|  |TAMS 0x0000000084e00000, 0x0000000084d00000| Untracked 
|  78|0x0000000084e00000, 0x0000000084f00000, 0x0000000084f00000|100%| O|  |TAMS 0x0000000084f00000, 0x0000000084e00000| Untracked 
|  79|0x0000000084f00000, 0x0000000085000000, 0x0000000085000000|100%| O|  |TAMS 0x0000000085000000, 0x0000000084f00000| Untracked 
|  80|0x0000000085000000, 0x0000000085100000, 0x0000000085100000|100%| O|  |TAMS 0x0000000085100000, 0x0000000085000000| Untracked 
|  81|0x0000000085100000, 0x0000000085200000, 0x0000000085200000|100%| O|  |TAMS 0x0000000085200000, 0x0000000085100000| Untracked 
|  82|0x0000000085200000, 0x0000000085300000, 0x0000000085300000|100%| O|  |TAMS 0x0000000085300000, 0x0000000085200000| Untracked 
|  83|0x0000000085300000, 0x0000000085400000, 0x0000000085400000|100%| O|  |TAMS 0x0000000085400000, 0x0000000085300000| Untracked 
|  84|0x0000000085400000, 0x0000000085500000, 0x0000000085500000|100%| O|  |TAMS 0x0000000085500000, 0x0000000085400000| Untracked 
|  85|0x0000000085500000, 0x0000000085600000, 0x0000000085600000|100%| O|  |TAMS 0x0000000085600000, 0x0000000085500000| Untracked 
|  86|0x0000000085600000, 0x0000000085700000, 0x0000000085700000|100%| O|  |TAMS 0x0000000085700000, 0x0000000085600000| Untracked 
|  87|0x0000000085700000, 0x0000000085800000, 0x0000000085800000|100%| O|  |TAMS 0x0000000085800000, 0x0000000085700000| Untracked 
|  88|0x0000000085800000, 0x0000000085900000, 0x0000000085900000|100%| O|  |TAMS 0x0000000085900000, 0x0000000085800000| Untracked 
|  89|0x0000000085900000, 0x0000000085a00000, 0x0000000085a00000|100%| O|  |TAMS 0x0000000085a00000, 0x0000000085900000| Untracked 
|  90|0x0000000085a00000, 0x0000000085b00000, 0x0000000085b00000|100%| O|  |TAMS 0x0000000085b00000, 0x0000000085a00000| Untracked 
|  91|0x0000000085b00000, 0x0000000085c00000, 0x0000000085c00000|100%| O|  |TAMS 0x0000000085c00000, 0x0000000085b00000| Untracked 
|  92|0x0000000085c00000, 0x0000000085d00000, 0x0000000085d00000|100%| O|  |TAMS 0x0000000085d00000, 0x0000000085c00000| Untracked 
|  93|0x0000000085d00000, 0x0000000085e00000, 0x0000000085e00000|100%| O|  |TAMS 0x0000000085e00000, 0x0000000085d00000| Untracked 
|  94|0x0000000085e00000, 0x0000000085f00000, 0x0000000085f00000|100%| O|  |TAMS 0x0000000085f00000, 0x0000000085e00000| Untracked 
|  95|0x0000000085f00000, 0x0000000086000000, 0x0000000086000000|100%| O|  |TAMS 0x0000000085f00000, 0x0000000085f00000| Untracked 
|  96|0x0000000086000000, 0x0000000086100000, 0x0000000086100000|100%| O|  |TAMS 0x0000000086100000, 0x0000000086000000| Untracked 
|  97|0x0000000086100000, 0x0000000086200000, 0x0000000086200000|100%| O|  |TAMS 0x0000000086200000, 0x0000000086100000| Untracked 
|  98|0x0000000086200000, 0x0000000086300000, 0x0000000086300000|100%| O|  |TAMS 0x0000000086300000, 0x0000000086200000| Untracked 
|  99|0x0000000086300000, 0x0000000086400000, 0x0000000086400000|100%| O|  |TAMS 0x0000000086400000, 0x0000000086300000| Untracked 
| 100|0x0000000086400000, 0x0000000086500000, 0x0000000086500000|100%| O|  |TAMS 0x0000000086500000, 0x0000000086400000| Untracked 
| 101|0x0000000086500000, 0x0000000086600000, 0x0000000086600000|100%| O|  |TAMS 0x0000000086600000, 0x0000000086500000| Untracked 
| 102|0x0000000086600000, 0x0000000086700000, 0x0000000086700000|100%| O|  |TAMS 0x0000000086700000, 0x0000000086600000| Untracked 
| 103|0x0000000086700000, 0x0000000086800000, 0x0000000086800000|100%| O|  |TAMS 0x0000000086800000, 0x0000000086700000| Untracked 
| 104|0x0000000086800000, 0x0000000086900000, 0x0000000086900000|100%| O|  |TAMS 0x0000000086900000, 0x0000000086800000| Untracked 
| 105|0x0000000086900000, 0x0000000086a00000, 0x0000000086a00000|100%| O|  |TAMS 0x0000000086a00000, 0x0000000086900000| Untracked 
| 106|0x0000000086a00000, 0x0000000086b00000, 0x0000000086b00000|100%| O|  |TAMS 0x0000000086b00000, 0x0000000086a00000| Untracked 
| 107|0x0000000086b00000, 0x0000000086c00000, 0x0000000086c00000|100%| O|  |TAMS 0x0000000086c00000, 0x0000000086b00000| Untracked 
| 108|0x0000000086c00000, 0x0000000086d00000, 0x0000000086d00000|100%| O|  |TAMS 0x0000000086d00000, 0x0000000086c00000| Untracked 
| 109|0x0000000086d00000, 0x0000000086e00000, 0x0000000086e00000|100%| O|  |TAMS 0x0000000086e00000, 0x0000000086d00000| Untracked 
| 110|0x0000000086e00000, 0x0000000086f00000, 0x0000000086f00000|100%| O|  |TAMS 0x0000000086f00000, 0x0000000086e00000| Untracked 
| 111|0x0000000086f00000, 0x0000000087000000, 0x0000000087000000|100%| O|  |TAMS 0x0000000087000000, 0x0000000086f00000| Untracked 
| 112|0x0000000087000000, 0x0000000087100000, 0x0000000087100000|100%| O|  |TAMS 0x0000000087100000, 0x0000000087000000| Untracked 
| 113|0x0000000087100000, 0x0000000087200000, 0x0000000087200000|100%| O|  |TAMS 0x0000000087200000, 0x0000000087100000| Untracked 
| 114|0x0000000087200000, 0x0000000087300000, 0x0000000087300000|100%| O|  |TAMS 0x0000000087300000, 0x0000000087200000| Untracked 
| 115|0x0000000087300000, 0x0000000087400000, 0x0000000087400000|100%| O|  |TAMS 0x0000000087400000, 0x0000000087300000| Untracked 
| 116|0x0000000087400000, 0x0000000087500000, 0x0000000087500000|100%| O|  |TAMS 0x0000000087500000, 0x0000000087400000| Untracked 
| 117|0x0000000087500000, 0x0000000087600000, 0x0000000087600000|100%| O|  |TAMS 0x0000000087600000, 0x0000000087500000| Untracked 
| 118|0x0000000087600000, 0x0000000087700000, 0x0000000087700000|100%| O|  |TAMS 0x0000000087700000, 0x0000000087600000| Untracked 
| 119|0x0000000087700000, 0x0000000087800000, 0x0000000087800000|100%| O|  |TAMS 0x0000000087800000, 0x0000000087700000| Untracked 
| 120|0x0000000087800000, 0x0000000087900000, 0x0000000087900000|100%| O|  |TAMS 0x0000000087900000, 0x0000000087800000| Untracked 
| 121|0x0000000087900000, 0x0000000087a00000, 0x0000000087a00000|100%| O|  |TAMS 0x0000000087a00000, 0x0000000087900000| Untracked 
| 122|0x0000000087a00000, 0x0000000087b00000, 0x0000000087b00000|100%| O|  |TAMS 0x0000000087b00000, 0x0000000087a00000| Untracked 
| 123|0x0000000087b00000, 0x0000000087c00000, 0x0000000087c00000|100%| O|  |TAMS 0x0000000087c00000, 0x0000000087b00000| Untracked 
| 124|0x0000000087c00000, 0x0000000087d00000, 0x0000000087d00000|100%| O|  |TAMS 0x0000000087d00000, 0x0000000087c00000| Untracked 
| 125|0x0000000087d00000, 0x0000000087d78200, 0x0000000087e00000| 46%| O|  |TAMS 0x0000000087d00000, 0x0000000087d00000| Untracked 
| 126|0x0000000087e00000, 0x0000000087f00000, 0x0000000087f00000|100%| O|  |TAMS 0x0000000087f00000, 0x0000000087e00000| Untracked 
| 127|0x0000000087f00000, 0x0000000088000000, 0x0000000088000000|100%| O|  |TAMS 0x0000000088000000, 0x0000000087f00000| Untracked 
| 128|0x0000000088000000, 0x0000000088100000, 0x0000000088100000|100%| O|  |TAMS 0x0000000088100000, 0x0000000088000000| Untracked 
| 129|0x0000000088100000, 0x0000000088200000, 0x0000000088200000|100%| O|  |TAMS 0x0000000088200000, 0x0000000088100000| Untracked 
| 130|0x0000000088200000, 0x0000000088300000, 0x0000000088300000|100%| O|  |TAMS 0x0000000088300000, 0x0000000088200000| Untracked 
| 131|0x0000000088300000, 0x0000000088400000, 0x0000000088400000|100%| O|  |TAMS 0x0000000088400000, 0x0000000088300000| Untracked 
| 132|0x0000000088400000, 0x0000000088500000, 0x0000000088500000|100%| O|  |TAMS 0x0000000088500000, 0x0000000088400000| Untracked 
| 133|0x0000000088500000, 0x0000000088600000, 0x0000000088600000|100%| O|  |TAMS 0x0000000088600000, 0x0000000088500000| Untracked 
| 134|0x0000000088600000, 0x0000000088700000, 0x0000000088700000|100%| O|  |TAMS 0x0000000088700000, 0x0000000088600000| Untracked 
| 135|0x0000000088700000, 0x0000000088700000, 0x0000000088800000|  0%| F|  |TAMS 0x0000000088700000, 0x0000000088700000| Untracked 
| 136|0x0000000088800000, 0x0000000088900000, 0x0000000088900000|100%| O|  |TAMS 0x0000000088900000, 0x0000000088800000| Untracked 
| 137|0x0000000088900000, 0x0000000088a00000, 0x0000000088a00000|100%| O|  |TAMS 0x0000000088a00000, 0x0000000088900000| Untracked 
| 138|0x0000000088a00000, 0x0000000088a00000, 0x0000000088b00000|  0%| F|  |TAMS 0x0000000088a00000, 0x0000000088a00000| Untracked 
| 139|0x0000000088b00000, 0x0000000088c00000, 0x0000000088c00000|100%| O|  |TAMS 0x0000000088c00000, 0x0000000088b00000| Untracked 
| 140|0x0000000088c00000, 0x0000000088c00000, 0x0000000088d00000|  0%| F|  |TAMS 0x0000000088c00000, 0x0000000088c00000| Untracked 
| 141|0x0000000088d00000, 0x0000000088e00000, 0x0000000088e00000|100%| O|  |TAMS 0x0000000088e00000, 0x0000000088d00000| Untracked 
| 142|0x0000000088e00000, 0x0000000088f00000, 0x0000000088f00000|100%| O|  |TAMS 0x0000000088f00000, 0x0000000088e00000| Untracked 
| 143|0x0000000088f00000, 0x0000000089000000, 0x0000000089000000|100%| O|  |TAMS 0x0000000089000000, 0x0000000088f00000| Untracked 
| 144|0x0000000089000000, 0x0000000089100000, 0x0000000089100000|100%| O|  |TAMS 0x000000008900c000, 0x0000000089000000| Untracked 
| 145|0x0000000089100000, 0x0000000089100000, 0x0000000089200000|  0%| F|  |TAMS 0x0000000089100000, 0x0000000089100000| Untracked 
| 146|0x0000000089200000, 0x0000000089200000, 0x0000000089300000|  0%| F|  |TAMS 0x0000000089200000, 0x0000000089200000| Untracked 
| 147|0x0000000089300000, 0x0000000089300000, 0x0000000089400000|  0%| F|  |TAMS 0x0000000089300000, 0x0000000089300000| Untracked 
| 148|0x0000000089400000, 0x0000000089400000, 0x0000000089500000|  0%| F|  |TAMS 0x0000000089400000, 0x0000000089400000| Untracked 
| 149|0x0000000089500000, 0x0000000089500000, 0x0000000089600000|  0%| F|  |TAMS 0x0000000089500000, 0x0000000089500000| Untracked 
| 150|0x0000000089600000, 0x0000000089600000, 0x0000000089700000|  0%| F|  |TAMS 0x0000000089600000, 0x0000000089600000| Untracked 
| 151|0x0000000089700000, 0x0000000089700000, 0x0000000089800000|  0%| F|  |TAMS 0x0000000089700000, 0x0000000089700000| Untracked 
| 152|0x0000000089800000, 0x0000000089800000, 0x0000000089900000|  0%| F|  |TAMS 0x0000000089800000, 0x0000000089800000| Untracked 
| 153|0x0000000089900000, 0x0000000089900000, 0x0000000089a00000|  0%| F|  |TAMS 0x0000000089900000, 0x0000000089900000| Untracked 
| 154|0x0000000089a00000, 0x0000000089a00000, 0x0000000089b00000|  0%| F|  |TAMS 0x0000000089a00000, 0x0000000089a00000| Untracked 
| 155|0x0000000089b00000, 0x0000000089b00000, 0x0000000089c00000|  0%| F|  |TAMS 0x0000000089b00000, 0x0000000089b00000| Untracked 
| 156|0x0000000089c00000, 0x0000000089c00000, 0x0000000089d00000|  0%| F|  |TAMS 0x0000000089c00000, 0x0000000089c00000| Untracked 
| 157|0x0000000089d00000, 0x0000000089d00000, 0x0000000089e00000|  0%| F|  |TAMS 0x0000000089d00000, 0x0000000089d00000| Untracked 
| 158|0x0000000089e00000, 0x0000000089e00000, 0x0000000089f00000|  0%| F|  |TAMS 0x0000000089e00000, 0x0000000089e00000| Untracked 
| 159|0x0000000089f00000, 0x0000000089f00000, 0x000000008a000000|  0%| F|  |TAMS 0x0000000089f00000, 0x0000000089f00000| Untracked 
| 160|0x000000008a000000, 0x000000008a000000, 0x000000008a100000|  0%| F|  |TAMS 0x000000008a000000, 0x000000008a000000| Untracked 
| 161|0x000000008a100000, 0x000000008a100000, 0x000000008a200000|  0%| F|  |TAMS 0x000000008a100000, 0x000000008a100000| Untracked 
| 162|0x000000008a200000, 0x000000008a200000, 0x000000008a300000|  0%| F|  |TAMS 0x000000008a200000, 0x000000008a200000| Untracked 
| 163|0x000000008a300000, 0x000000008a300000, 0x000000008a400000|  0%| F|  |TAMS 0x000000008a300000, 0x000000008a300000| Untracked 
| 164|0x000000008a400000, 0x000000008a400000, 0x000000008a500000|  0%| F|  |TAMS 0x000000008a400000, 0x000000008a400000| Untracked 
| 165|0x000000008a500000, 0x000000008a500000, 0x000000008a600000|  0%| F|  |TAMS 0x000000008a500000, 0x000000008a500000| Untracked 
| 166|0x000000008a600000, 0x000000008a600000, 0x000000008a700000|  0%| F|  |TAMS 0x000000008a600000, 0x000000008a600000| Untracked 
| 167|0x000000008a700000, 0x000000008a700000, 0x000000008a800000|  0%| F|  |TAMS 0x000000008a700000, 0x000000008a700000| Untracked 
| 168|0x000000008a800000, 0x000000008a800000, 0x000000008a900000|  0%| F|  |TAMS 0x000000008a800000, 0x000000008a800000| Untracked 
| 169|0x000000008a900000, 0x000000008a900000, 0x000000008aa00000|  0%| F|  |TAMS 0x000000008a900000, 0x000000008a900000| Untracked 
| 170|0x000000008aa00000, 0x000000008aa00000, 0x000000008ab00000|  0%| F|  |TAMS 0x000000008aa00000, 0x000000008aa00000| Untracked 
| 171|0x000000008ab00000, 0x000000008ab00000, 0x000000008ac00000|  0%| F|  |TAMS 0x000000008ab00000, 0x000000008ab00000| Untracked 
| 172|0x000000008ac00000, 0x000000008ac00000, 0x000000008ad00000|  0%| F|  |TAMS 0x000000008ac00000, 0x000000008ac00000| Untracked 
| 173|0x000000008ad00000, 0x000000008ad00000, 0x000000008ae00000|  0%| F|  |TAMS 0x000000008ad00000, 0x000000008ad00000| Untracked 
| 174|0x000000008ae00000, 0x000000008ae00000, 0x000000008af00000|  0%| F|  |TAMS 0x000000008ae00000, 0x000000008ae00000| Untracked 
| 175|0x000000008af00000, 0x000000008af00000, 0x000000008b000000|  0%| F|  |TAMS 0x000000008af00000, 0x000000008af00000| Untracked 
| 176|0x000000008b000000, 0x000000008b000000, 0x000000008b100000|  0%| F|  |TAMS 0x000000008b000000, 0x000000008b000000| Untracked 
| 177|0x000000008b100000, 0x000000008b100000, 0x000000008b200000|  0%| F|  |TAMS 0x000000008b100000, 0x000000008b100000| Untracked 
| 178|0x000000008b200000, 0x000000008b200000, 0x000000008b300000|  0%| F|  |TAMS 0x000000008b200000, 0x000000008b200000| Untracked 
| 179|0x000000008b300000, 0x000000008b300000, 0x000000008b400000|  0%| F|  |TAMS 0x000000008b300000, 0x000000008b300000| Untracked 
| 180|0x000000008b400000, 0x000000008b400000, 0x000000008b500000|  0%| F|  |TAMS 0x000000008b400000, 0x000000008b400000| Untracked 
| 181|0x000000008b500000, 0x000000008b500000, 0x000000008b600000|  0%| F|  |TAMS 0x000000008b500000, 0x000000008b500000| Untracked 
| 182|0x000000008b600000, 0x000000008b6b7600, 0x000000008b700000| 71%| S|CS|TAMS 0x000000008b600000, 0x000000008b600000| Complete 
| 183|0x000000008b700000, 0x000000008b800000, 0x000000008b800000|100%| S|CS|TAMS 0x000000008b700000, 0x000000008b700000| Complete 
| 184|0x000000008b800000, 0x000000008b900000, 0x000000008b900000|100%| S|CS|TAMS 0x000000008b800000, 0x000000008b800000| Complete 
| 185|0x000000008b900000, 0x000000008b900000, 0x000000008ba00000|  0%| F|  |TAMS 0x000000008b900000, 0x000000008b900000| Untracked 
| 186|0x000000008ba00000, 0x000000008ba00000, 0x000000008bb00000|  0%| F|  |TAMS 0x000000008ba00000, 0x000000008ba00000| Untracked 
| 187|0x000000008bb00000, 0x000000008bb00000, 0x000000008bc00000|  0%| F|  |TAMS 0x000000008bb00000, 0x000000008bb00000| Untracked 
| 188|0x000000008bc00000, 0x000000008bc00000, 0x000000008bd00000|  0%| F|  |TAMS 0x000000008bc00000, 0x000000008bc00000| Untracked 
| 189|0x000000008bd00000, 0x000000008bd00000, 0x000000008be00000|  0%| F|  |TAMS 0x000000008bd00000, 0x000000008bd00000| Untracked 
| 190|0x000000008be00000, 0x000000008be00000, 0x000000008bf00000|  0%| F|  |TAMS 0x000000008be00000, 0x000000008be00000| Untracked 
| 191|0x000000008bf00000, 0x000000008bf00000, 0x000000008c000000|  0%| F|  |TAMS 0x000000008bf00000, 0x000000008bf00000| Untracked 
| 192|0x000000008c000000, 0x000000008c000000, 0x000000008c100000|  0%| F|  |TAMS 0x000000008c000000, 0x000000008c000000| Untracked 
| 193|0x000000008c100000, 0x000000008c100000, 0x000000008c200000|  0%| F|  |TAMS 0x000000008c100000, 0x000000008c100000| Untracked 
| 194|0x000000008c200000, 0x000000008c200000, 0x000000008c300000|  0%| F|  |TAMS 0x000000008c200000, 0x000000008c200000| Untracked 
| 195|0x000000008c300000, 0x000000008c300000, 0x000000008c400000|  0%| F|  |TAMS 0x000000008c300000, 0x000000008c300000| Untracked 
| 196|0x000000008c400000, 0x000000008c400000, 0x000000008c500000|  0%| F|  |TAMS 0x000000008c400000, 0x000000008c400000| Untracked 
| 197|0x000000008c500000, 0x000000008c500000, 0x000000008c600000|  0%| F|  |TAMS 0x000000008c500000, 0x000000008c500000| Untracked 
| 198|0x000000008c600000, 0x000000008c600000, 0x000000008c700000|  0%| F|  |TAMS 0x000000008c600000, 0x000000008c600000| Untracked 
| 199|0x000000008c700000, 0x000000008c700000, 0x000000008c800000|  0%| F|  |TAMS 0x000000008c700000, 0x000000008c700000| Untracked 
| 200|0x000000008c800000, 0x000000008c800000, 0x000000008c900000|  0%| F|  |TAMS 0x000000008c800000, 0x000000008c800000| Untracked 
| 201|0x000000008c900000, 0x000000008c900000, 0x000000008ca00000|  0%| F|  |TAMS 0x000000008c900000, 0x000000008c900000| Untracked 
| 202|0x000000008ca00000, 0x000000008ca00000, 0x000000008cb00000|  0%| F|  |TAMS 0x000000008ca00000, 0x000000008ca00000| Untracked 
| 203|0x000000008cb00000, 0x000000008cb00000, 0x000000008cc00000|  0%| F|  |TAMS 0x000000008cb00000, 0x000000008cb00000| Untracked 
| 204|0x000000008cc00000, 0x000000008cc00000, 0x000000008cd00000|  0%| F|  |TAMS 0x000000008cc00000, 0x000000008cc00000| Untracked 
| 205|0x000000008cd00000, 0x000000008cd00000, 0x000000008ce00000|  0%| F|  |TAMS 0x000000008cd00000, 0x000000008cd00000| Untracked 
| 206|0x000000008ce00000, 0x000000008ce00000, 0x000000008cf00000|  0%| F|  |TAMS 0x000000008ce00000, 0x000000008ce00000| Untracked 
| 207|0x000000008cf00000, 0x000000008cf00000, 0x000000008d000000|  0%| F|  |TAMS 0x000000008cf00000, 0x000000008cf00000| Untracked 
| 208|0x000000008d000000, 0x000000008d000000, 0x000000008d100000|  0%| F|  |TAMS 0x000000008d000000, 0x000000008d000000| Untracked 
| 209|0x000000008d100000, 0x000000008d100000, 0x000000008d200000|  0%| F|  |TAMS 0x000000008d100000, 0x000000008d100000| Untracked 
| 210|0x000000008d200000, 0x000000008d200000, 0x000000008d300000|  0%| F|  |TAMS 0x000000008d200000, 0x000000008d200000| Untracked 
| 211|0x000000008d300000, 0x000000008d3c5848, 0x000000008d400000| 77%| E|  |TAMS 0x000000008d300000, 0x000000008d300000| Complete 
| 212|0x000000008d400000, 0x000000008d500000, 0x000000008d500000|100%| E|CS|TAMS 0x000000008d400000, 0x000000008d400000| Complete 
| 213|0x000000008d500000, 0x000000008d600000, 0x000000008d600000|100%| E|CS|TAMS 0x000000008d500000, 0x000000008d500000| Complete 
| 214|0x000000008d600000, 0x000000008d700000, 0x000000008d700000|100%| E|CS|TAMS 0x000000008d600000, 0x000000008d600000| Complete 
| 215|0x000000008d700000, 0x000000008d800000, 0x000000008d800000|100%| E|CS|TAMS 0x000000008d700000, 0x000000008d700000| Complete 
| 216|0x000000008d800000, 0x000000008d900000, 0x000000008d900000|100%| E|CS|TAMS 0x000000008d800000, 0x000000008d800000| Complete 
| 217|0x000000008d900000, 0x000000008da00000, 0x000000008da00000|100%| E|CS|TAMS 0x000000008d900000, 0x000000008d900000| Complete 
| 218|0x000000008da00000, 0x000000008db00000, 0x000000008db00000|100%| E|CS|TAMS 0x000000008da00000, 0x000000008da00000| Complete 
| 219|0x000000008db00000, 0x000000008dc00000, 0x000000008dc00000|100%| E|CS|TAMS 0x000000008db00000, 0x000000008db00000| Complete 
| 220|0x000000008dc00000, 0x000000008dd00000, 0x000000008dd00000|100%| E|CS|TAMS 0x000000008dc00000, 0x000000008dc00000| Complete 
| 221|0x000000008dd00000, 0x000000008de00000, 0x000000008de00000|100%| E|CS|TAMS 0x000000008dd00000, 0x000000008dd00000| Complete 
| 222|0x000000008de00000, 0x000000008df00000, 0x000000008df00000|100%| E|CS|TAMS 0x000000008de00000, 0x000000008de00000| Complete 
| 223|0x000000008df00000, 0x000000008e000000, 0x000000008e000000|100%| E|CS|TAMS 0x000000008df00000, 0x000000008df00000| Complete 
| 224|0x000000008e000000, 0x000000008e100000, 0x000000008e100000|100%| E|CS|TAMS 0x000000008e000000, 0x000000008e000000| Complete 
| 225|0x000000008e100000, 0x000000008e200000, 0x000000008e200000|100%| E|CS|TAMS 0x000000008e100000, 0x000000008e100000| Complete 
| 226|0x000000008e200000, 0x000000008e300000, 0x000000008e300000|100%| E|CS|TAMS 0x000000008e200000, 0x000000008e200000| Complete 
| 227|0x000000008e300000, 0x000000008e400000, 0x000000008e400000|100%| E|CS|TAMS 0x000000008e300000, 0x000000008e300000| Complete 
| 228|0x000000008e400000, 0x000000008e500000, 0x000000008e500000|100%| E|CS|TAMS 0x000000008e400000, 0x000000008e400000| Complete 
| 229|0x000000008e500000, 0x000000008e600000, 0x000000008e600000|100%| E|CS|TAMS 0x000000008e500000, 0x000000008e500000| Complete 
| 230|0x000000008e600000, 0x000000008e700000, 0x000000008e700000|100%| E|CS|TAMS 0x000000008e600000, 0x000000008e600000| Complete 
| 231|0x000000008e700000, 0x000000008e800000, 0x000000008e800000|100%| E|CS|TAMS 0x000000008e700000, 0x000000008e700000| Complete 
| 232|0x000000008e800000, 0x000000008e900000, 0x000000008e900000|100%| E|CS|TAMS 0x000000008e800000, 0x000000008e800000| Complete 
| 233|0x000000008e900000, 0x000000008ea00000, 0x000000008ea00000|100%| E|CS|TAMS 0x000000008e900000, 0x000000008e900000| Complete 
| 234|0x000000008ea00000, 0x000000008eb00000, 0x000000008eb00000|100%| E|CS|TAMS 0x000000008ea00000, 0x000000008ea00000| Complete 
| 235|0x000000008eb00000, 0x000000008ec00000, 0x000000008ec00000|100%| E|CS|TAMS 0x000000008eb00000, 0x000000008eb00000| Complete 
| 236|0x000000008ec00000, 0x000000008ed00000, 0x000000008ed00000|100%| E|CS|TAMS 0x000000008ec00000, 0x000000008ec00000| Complete 
| 237|0x000000008ed00000, 0x000000008ee00000, 0x000000008ee00000|100%| E|CS|TAMS 0x000000008ed00000, 0x000000008ed00000| Complete 
| 238|0x000000008ee00000, 0x000000008ef00000, 0x000000008ef00000|100%| E|CS|TAMS 0x000000008ee00000, 0x000000008ee00000| Complete 
| 239|0x000000008ef00000, 0x000000008f000000, 0x000000008f000000|100%| E|CS|TAMS 0x000000008ef00000, 0x000000008ef00000| Complete 
| 240|0x000000008f000000, 0x000000008f100000, 0x000000008f100000|100%| E|CS|TAMS 0x000000008f000000, 0x000000008f000000| Complete 
| 241|0x000000008f100000, 0x000000008f200000, 0x000000008f200000|100%| E|CS|TAMS 0x000000008f100000, 0x000000008f100000| Complete 
| 242|0x000000008f200000, 0x000000008f300000, 0x000000008f300000|100%| E|CS|TAMS 0x000000008f200000, 0x000000008f200000| Complete 
| 243|0x000000008f300000, 0x000000008f400000, 0x000000008f400000|100%| E|CS|TAMS 0x000000008f300000, 0x000000008f300000| Complete 
| 244|0x000000008f400000, 0x000000008f500000, 0x000000008f500000|100%| E|CS|TAMS 0x000000008f400000, 0x000000008f400000| Complete 
| 245|0x000000008f500000, 0x000000008f600000, 0x000000008f600000|100%| E|CS|TAMS 0x000000008f500000, 0x000000008f500000| Complete 
| 246|0x000000008f600000, 0x000000008f700000, 0x000000008f700000|100%| E|CS|TAMS 0x000000008f600000, 0x000000008f600000| Complete 
| 247|0x000000008f700000, 0x000000008f800000, 0x000000008f800000|100%| E|CS|TAMS 0x000000008f700000, 0x000000008f700000| Complete 
| 248|0x000000008f800000, 0x000000008f900000, 0x000000008f900000|100%| E|CS|TAMS 0x000000008f800000, 0x000000008f800000| Complete 
| 249|0x000000008f900000, 0x000000008fa00000, 0x000000008fa00000|100%| E|CS|TAMS 0x000000008f900000, 0x000000008f900000| Complete 
| 250|0x000000008fa00000, 0x000000008fb00000, 0x000000008fb00000|100%| E|CS|TAMS 0x000000008fa00000, 0x000000008fa00000| Complete 
| 251|0x000000008fb00000, 0x000000008fc00000, 0x000000008fc00000|100%| E|CS|TAMS 0x000000008fb00000, 0x000000008fb00000| Complete 
| 252|0x000000008fc00000, 0x000000008fd00000, 0x000000008fd00000|100%| E|CS|TAMS 0x000000008fc00000, 0x000000008fc00000| Complete 
| 253|0x000000008fd00000, 0x000000008fe00000, 0x000000008fe00000|100%| E|CS|TAMS 0x000000008fd00000, 0x000000008fd00000| Complete 
| 254|0x000000008fe00000, 0x000000008ff00000, 0x000000008ff00000|100%| E|CS|TAMS 0x000000008fe00000, 0x000000008fe00000| Complete 
| 255|0x000000008ff00000, 0x0000000090000000, 0x0000000090000000|100%| E|CS|TAMS 0x000000008ff00000, 0x000000008ff00000| Complete 
| 256|0x0000000090000000, 0x0000000090100000, 0x0000000090100000|100%| E|CS|TAMS 0x0000000090000000, 0x0000000090000000| Complete 
| 257|0x0000000090100000, 0x0000000090200000, 0x0000000090200000|100%| E|CS|TAMS 0x0000000090100000, 0x0000000090100000| Complete 
| 258|0x0000000090200000, 0x0000000090300000, 0x0000000090300000|100%| E|CS|TAMS 0x0000000090200000, 0x0000000090200000| Complete 
| 259|0x0000000090300000, 0x0000000090400000, 0x0000000090400000|100%| E|CS|TAMS 0x0000000090300000, 0x0000000090300000| Complete 
| 260|0x0000000090400000, 0x0000000090500000, 0x0000000090500000|100%| E|CS|TAMS 0x0000000090400000, 0x0000000090400000| Complete 
| 261|0x0000000090500000, 0x0000000090600000, 0x0000000090600000|100%| E|CS|TAMS 0x0000000090500000, 0x0000000090500000| Complete 
| 262|0x0000000090600000, 0x0000000090700000, 0x0000000090700000|100%| E|CS|TAMS 0x0000000090600000, 0x0000000090600000| Complete 
| 263|0x0000000090700000, 0x0000000090800000, 0x0000000090800000|100%| E|CS|TAMS 0x0000000090700000, 0x0000000090700000| Complete 
| 264|0x0000000090800000, 0x0000000090900000, 0x0000000090900000|100%| E|CS|TAMS 0x0000000090800000, 0x0000000090800000| Complete 
| 265|0x0000000090900000, 0x0000000090a00000, 0x0000000090a00000|100%| E|CS|TAMS 0x0000000090900000, 0x0000000090900000| Complete 
| 266|0x0000000090a00000, 0x0000000090b00000, 0x0000000090b00000|100%| E|CS|TAMS 0x0000000090a00000, 0x0000000090a00000| Complete 
| 267|0x0000000090b00000, 0x0000000090c00000, 0x0000000090c00000|100%| E|CS|TAMS 0x0000000090b00000, 0x0000000090b00000| Complete 
| 268|0x0000000090c00000, 0x0000000090d00000, 0x0000000090d00000|100%| E|CS|TAMS 0x0000000090c00000, 0x0000000090c00000| Complete 
| 269|0x0000000090d00000, 0x0000000090e00000, 0x0000000090e00000|100%| E|CS|TAMS 0x0000000090d00000, 0x0000000090d00000| Complete 

Card table byte_map: [0x00000284d4690000,0x00000284d4a90000] _byte_map_base: 0x00000284d4290000

Marking Bits (Prev, Next): (CMBitMap*) 0x00000284c17ec5a0, (CMBitMap*) 0x00000284c17ec568
 Prev Bits: [0x00000284d6e90000, 0x00000284d8e90000)
 Next Bits: [0x00000284d4e90000, 0x00000284d6e90000)

Polling page: 0x00000284bf7a0000

Metaspace:

Usage:
  Non-class:    125.60 MB capacity,   123.60 MB ( 98%) used,     1.58 MB (  1%) free+waste,   425.38 KB ( <1%) overhead. 
      Class:     18.23 MB capacity,    16.99 MB ( 93%) used,     1.06 MB (  6%) free+waste,   183.25 KB ( <1%) overhead. 
       Both:    143.82 MB capacity,   140.59 MB ( 98%) used,     2.64 MB (  2%) free+waste,   608.63 KB ( <1%) overhead. 

Virtual space:
  Non-class space:      126.00 MB reserved,     125.71 MB (>99%) committed 
      Class space:        1.00 GB reserved,      18.32 MB (  2%) committed 
             Both:        1.12 GB reserved,     144.04 MB ( 13%) committed 

Chunk freelists:
   Non-Class:  53.00 KB
       Class:  23.00 KB
        Both:  76.00 KB

MaxMetaspaceSize: 17179869184.00 GB
CompressedClassSpaceSize: 1.00 GB

CodeHeap 'non-profiled nmethods': size=120064Kb used=20376Kb max_used=20376Kb free=99687Kb
 bounds [0x00000284ccd50000, 0x00000284ce140000, 0x00000284d4290000]
CodeHeap 'profiled nmethods': size=120000Kb used=52956Kb max_used=52956Kb free=67043Kb
 bounds [0x00000284c5820000, 0x00000284c8c10000, 0x00000284ccd50000]
CodeHeap 'non-nmethods': size=5696Kb used=2387Kb max_used=2458Kb free=3308Kb
 bounds [0x00000284c5290000, 0x00000284c5510000, 0x00000284c5820000]
 total_blobs=24134 nmethods=23107 adapters=935
 compilation: enabled
              stopped_count=0, restarted_count=0
 full_count=0

Compilation events (20 events):
Event: 3007.236 Thread 0x00000284dbd10000 nmethod 27398 0x00000284ce125c10 code [0x00000284ce125dc0, 0x00000284ce125ed8]
Event: 3007.238 Thread 0x00000284dbd10000 27400       4       java.util.Collection::removeIf (51 bytes)
Event: 3007.313 Thread 0x00000284dbd10000 nmethod 27400 0x00000284ce126010 code [0x00000284ce1261e0, 0x00000284ce126d78]
Event: 3007.313 Thread 0x00000284dbd10000 27396       4       java.util.AbstractCollection::removeAll (49 bytes)
Event: 3007.365 Thread 0x00000284decbf800 nmethod 27362 0x00000284ce127190 code [0x00000284ce127840, 0x00000284ce12eb40]
Event: 3007.365 Thread 0x00000284decbf800 27417       4       com.android.tools.r8.internal.Kv::a (430 bytes)
Event: 3007.386 Thread 0x00000284dbd10000 nmethod 27396 0x00000284ce132c10 code [0x00000284ce132de0, 0x00000284ce133758]
Event: 3007.386 Thread 0x00000284dbd10000 27388       4       java.util.PriorityQueue::siftDownComparable (100 bytes)
Event: 3007.420 Thread 0x00000284dbd10000 nmethod 27388 0x00000284ce133d90 code [0x00000284ce133fc0, 0x00000284ce134e58]
Event: 3007.420 Thread 0x00000284dbd10000 27415       4       java.util.PriorityQueue::siftUpComparable (52 bytes)
Event: 3007.437 Thread 0x00000284dbd10000 nmethod 27415 0x00000284ce135890 code [0x00000284ce135a80, 0x00000284ce1361d8]
Event: 3007.437 Thread 0x00000284dbd10000 27419       4       com.android.tools.r8.internal.Oz::a (176 bytes)
Event: 3007.507 Thread 0x00000284dbd10000 nmethod 27419 0x00000284ce136790 code [0x00000284ce136a00, 0x00000284ce137bd8]
Event: 3007.507 Thread 0x00000284dbd10000 27422       4       com.android.tools.r8.internal.c9::a (485 bytes)
Event: 3007.588 Thread 0x00000284dbd12800 27432       3       com.android.tools.r8.internal.ja::a (519 bytes)
Event: 3007.611 Thread 0x00000284dbd12800 nmethod 27432 0x00000284c8c00a90 code [0x00000284c8c01440, 0x00000284c8c08388]
Event: 3007.658 Thread 0x00000284dbd12800 27435       1       com.android.tools.r8.internal.Pr::a2 (3 bytes)
Event: 3007.658 Thread 0x00000284dbd12800 nmethod 27435 0x00000284ce138510 code [0x00000284ce1386c0, 0x00000284ce138778]
Event: 3007.659 Thread 0x00000284dbd12800 27436       1       com.android.tools.r8.internal.Pr::Y1 (4 bytes)
Event: 3007.659 Thread 0x00000284dbd12800 nmethod 27436 0x00000284ce138810 code [0x00000284ce1389c0, 0x00000284ce138a78]

GC Heap History (20 events):
Event: 2993.333 GC heap before
{Heap before GC invocations=135 (full 0):
 garbage-first heap   total 227328K, used 151403K [0x0000000080000000, 0x0000000100000000)
  region size 1024K, 11 young (11264K), 5 survivors (5120K)
 Metaspace       used 143723K, capacity 146985K, committed 147236K, reserved 1177600K
  class space    used 17376K, capacity 18615K, committed 18764K, reserved 1048576K
}
Event: 2993.355 GC heap after
{Heap after GC invocations=136 (full 0):
 garbage-first heap   total 227328K, used 144216K [0x0000000080000000, 0x0000000100000000)
  region size 1024K, 1 young (1024K), 1 survivors (1024K)
 Metaspace       used 143723K, capacity 146985K, committed 147236K, reserved 1177600K
  class space    used 17376K, capacity 18615K, committed 18764K, reserved 1048576K
}
Event: 2993.757 GC heap before
{Heap before GC invocations=136 (full 0):
 garbage-first heap   total 227328K, used 193368K [0x0000000080000000, 0x0000000100000000)
  region size 1024K, 49 young (50176K), 1 survivors (1024K)
 Metaspace       used 143754K, capacity 146993K, committed 147236K, reserved 1177600K
  class space    used 17377K, capacity 18617K, committed 18764K, reserved 1048576K
}
Event: 2993.789 GC heap after
{Heap after GC invocations=137 (full 0):
 garbage-first heap   total 276480K, used 144910K [0x0000000080000000, 0x0000000100000000)
  region size 1024K, 2 young (2048K), 2 survivors (2048K)
 Metaspace       used 143754K, capacity 146993K, committed 147236K, reserved 1177600K
  class space    used 17377K, capacity 18617K, committed 18764K, reserved 1048576K
}
Event: 2995.233 GC heap before
{Heap before GC invocations=137 (full 0):
 garbage-first heap   total 276480K, used 216590K [0x0000000080000000, 0x0000000100000000)
  region size 1024K, 72 young (73728K), 2 survivors (2048K)
 Metaspace       used 143791K, capacity 147059K, committed 147236K, reserved 1177600K
  class space    used 17377K, capacity 18617K, committed 18764K, reserved 1048576K
}
Event: 2995.238 GC heap after
{Heap after GC invocations=138 (full 0):
 garbage-first heap   total 276480K, used 145165K [0x0000000080000000, 0x0000000100000000)
  region size 1024K, 2 young (2048K), 2 survivors (2048K)
 Metaspace       used 143791K, capacity 147059K, committed 147236K, reserved 1177600K
  class space    used 17377K, capacity 18617K, committed 18764K, reserved 1048576K
}
Event: 2995.573 GC heap before
{Heap before GC invocations=138 (full 0):
 garbage-first heap   total 276480K, used 219917K [0x0000000080000000, 0x0000000100000000)
  region size 1024K, 75 young (76800K), 2 survivors (2048K)
 Metaspace       used 143833K, capacity 147072K, committed 147236K, reserved 1177600K
  class space    used 17381K, capacity 18620K, committed 18764K, reserved 1048576K
}
Event: 2995.579 GC heap after
{Heap after GC invocations=139 (full 0):
 garbage-first heap   total 276480K, used 146559K [0x0000000080000000, 0x0000000100000000)
  region size 1024K, 4 young (4096K), 4 survivors (4096K)
 Metaspace       used 143833K, capacity 147072K, committed 147236K, reserved 1177600K
  class space    used 17381K, capacity 18620K, committed 18764K, reserved 1048576K
}
Event: 2996.213 GC heap before
{Heap before GC invocations=140 (full 0):
 garbage-first heap   total 276480K, used 223359K [0x0000000080000000, 0x0000000100000000)
  region size 1024K, 79 young (80896K), 4 survivors (4096K)
 Metaspace       used 143868K, capacity 147097K, committed 147236K, reserved 1177600K
  class space    used 17385K, capacity 18628K, committed 18764K, reserved 1048576K
}
Event: 2996.223 GC heap after
{Heap after GC invocations=141 (full 0):
 garbage-first heap   total 276480K, used 146115K [0x0000000080000000, 0x0000000100000000)
  region size 1024K, 3 young (3072K), 3 survivors (3072K)
 Metaspace       used 143868K, capacity 147097K, committed 147236K, reserved 1177600K
  class space    used 17385K, capacity 18628K, committed 18764K, reserved 1048576K
}
Event: 2997.777 GC heap before
{Heap before GC invocations=141 (full 0):
 garbage-first heap   total 276480K, used 225987K [0x0000000080000000, 0x0000000100000000)
  region size 1024K, 81 young (82944K), 3 survivors (3072K)
 Metaspace       used 143884K, capacity 147174K, committed 147492K, reserved 1177600K
  class space    used 17388K, capacity 18632K, committed 18764K, reserved 1048576K
}
Event: 2997.943 GC heap after
{Heap after GC invocations=142 (full 0):
 garbage-first heap   total 276480K, used 146480K [0x0000000080000000, 0x0000000100000000)
  region size 1024K, 3 young (3072K), 3 survivors (3072K)
 Metaspace       used 143884K, capacity 147174K, committed 147492K, reserved 1177600K
  class space    used 17388K, capacity 18632K, committed 18764K, reserved 1048576K
}
Event: 3000.466 GC heap before
{Heap before GC invocations=143 (full 0):
 garbage-first heap   total 276480K, used 227376K [0x0000000080000000, 0x0000000100000000)
  region size 1024K, 83 young (84992K), 3 survivors (3072K)
 Metaspace       used 143918K, capacity 147179K, committed 147492K, reserved 1177600K
  class space    used 17391K, capacity 18633K, committed 18764K, reserved 1048576K
}
Event: 3000.475 GC heap after
{Heap after GC invocations=144 (full 0):
 garbage-first heap   total 276480K, used 146480K [0x0000000080000000, 0x0000000100000000)
  region size 1024K, 3 young (3072K), 3 survivors (3072K)
 Metaspace       used 143918K, capacity 147179K, committed 147492K, reserved 1177600K
  class space    used 17391K, capacity 18633K, committed 18764K, reserved 1048576K
}
Event: 3000.571 GC heap before
{Heap before GC invocations=144 (full 0):
 garbage-first heap   total 276480K, used 156720K [0x0000000080000000, 0x0000000100000000)
  region size 1024K, 13 young (13312K), 3 survivors (3072K)
 Metaspace       used 143919K, capacity 147179K, committed 147492K, reserved 1177600K
  class space    used 17391K, capacity 18633K, committed 18764K, reserved 1048576K
}
Event: 3000.593 GC heap after
{Heap after GC invocations=145 (full 0):
 garbage-first heap   total 276480K, used 146180K [0x0000000080000000, 0x0000000100000000)
  region size 1024K, 2 young (2048K), 2 survivors (2048K)
 Metaspace       used 143919K, capacity 147179K, committed 147492K, reserved 1177600K
  class space    used 17391K, capacity 18633K, committed 18764K, reserved 1048576K
}
Event: 3003.015 GC heap before
{Heap before GC invocations=145 (full 0):
 garbage-first heap   total 276480K, used 229124K [0x0000000080000000, 0x0000000100000000)
  region size 1024K, 83 young (84992K), 2 survivors (2048K)
 Metaspace       used 143942K, capacity 147211K, committed 147492K, reserved 1177600K
  class space    used 17397K, capacity 18665K, committed 18764K, reserved 1048576K
}
Event: 3003.020 GC heap after
{Heap after GC invocations=146 (full 0):
 garbage-first heap   total 276480K, used 146912K [0x0000000080000000, 0x0000000100000000)
  region size 1024K, 2 young (2048K), 2 survivors (2048K)
 Metaspace       used 143942K, capacity 147211K, committed 147492K, reserved 1177600K
  class space    used 17397K, capacity 18665K, committed 18764K, reserved 1048576K
}
Event: 3005.004 GC heap before
{Heap before GC invocations=146 (full 0):
 garbage-first heap   total 276480K, used 231904K [0x0000000080000000, 0x0000000100000000)
  region size 1024K, 85 young (87040K), 2 survivors (2048K)
 Metaspace       used 143958K, capacity 147212K, committed 147492K, reserved 1177600K
  class space    used 17397K, capacity 18665K, committed 18764K, reserved 1048576K
}
Event: 3005.016 GC heap after
{Heap after GC invocations=147 (full 0):
 garbage-first heap   total 276480K, used 147646K [0x0000000080000000, 0x0000000100000000)
  region size 1024K, 3 young (3072K), 3 survivors (3072K)
 Metaspace       used 143958K, capacity 147212K, committed 147492K, reserved 1177600K
  class space    used 17397K, capacity 18665K, committed 18764K, reserved 1048576K
}

Deoptimization events (20 events):
Event: 3004.923 Thread 0x00000284df774000 DEOPT PACKING pc=0x00000284c86cf6b3 sp=0x000000f02b3f5c90
Event: 3004.923 Thread 0x00000284df774000 DEOPT UNPACKING pc=0x00000284c52b76ce sp=0x000000f02b3f5440 mode 0
Event: 3004.970 Thread 0x00000284decc6800 DEOPT PACKING pc=0x00000284c875a020 sp=0x000000f02abf8fb0
Event: 3004.970 Thread 0x00000284decc6800 DEOPT UNPACKING pc=0x00000284c52b76ce sp=0x000000f02abf8458 mode 0
Event: 3005.040 Thread 0x00000284df774000 DEOPT PACKING pc=0x00000284c7247626 sp=0x000000f02b3f6130
Event: 3005.040 Thread 0x00000284df774000 DEOPT UNPACKING pc=0x00000284c52b76ce sp=0x000000f02b3f56e0 mode 0
Event: 3005.047 Thread 0x00000284decc1000 DEOPT PACKING pc=0x00000284c86cf6b3 sp=0x000000f02acf9060
Event: 3005.047 Thread 0x00000284decc1000 DEOPT UNPACKING pc=0x00000284c52b76ce sp=0x000000f02acf8810 mode 0
Event: 3005.219 Thread 0x00000284decc1000 Uncommon trap: trap_request=0xffffff4d fr.pc=0x00000284cdf365b8 relative=0x0000000000000258
Event: 3005.226 Thread 0x00000284decc1000 Uncommon trap: reason=unstable_if action=reinterpret pc=0x00000284cdf365b8 method=com.android.tools.r8.ir.regalloc.b.compareTo(Ljava/lang/Object;)I @ 80 c2
Event: 3005.246 Thread 0x00000284decc1000 DEOPT PACKING pc=0x00000284cdf365b8 sp=0x000000f02acf89a0
Event: 3005.248 Thread 0x00000284decc1000 DEOPT UNPACKING pc=0x00000284c52b78af sp=0x000000f02acf8938 mode 2
Event: 3005.366 Thread 0x00000284decc3800 DEOPT PACKING pc=0x00000284c875a020 sp=0x000000f02adf8eb0
Event: 3005.366 Thread 0x00000284decc3800 DEOPT UNPACKING pc=0x00000284c52b76ce sp=0x000000f02adf8358 mode 0
Event: 3006.437 Thread 0x00000284decc1000 DEOPT PACKING pc=0x00000284c871b4aa sp=0x000000f02acf8ca0
Event: 3006.437 Thread 0x00000284decc1000 DEOPT UNPACKING pc=0x00000284c52b76ce sp=0x000000f02acf8468 mode 0
Event: 3006.438 Thread 0x00000284decc1000 DEOPT PACKING pc=0x00000284c8ac118e sp=0x000000f02acf8e50
Event: 3006.438 Thread 0x00000284decc1000 DEOPT UNPACKING pc=0x00000284c52b76ce sp=0x000000f02acf83b0 mode 0
Event: 3007.462 Thread 0x00000284decc3800 DEOPT PACKING pc=0x00000284c871b4aa sp=0x000000f02adf8ea0
Event: 3007.462 Thread 0x00000284decc3800 DEOPT UNPACKING pc=0x00000284c52b76ce sp=0x000000f02adf8668 mode 0

Classes redefined (0 events):
No events

Internal exceptions (20 events):
Event: 2986.514 Thread 0x00000284df774000 Exception <a 'sun/nio/fs/WindowsException'{0x0000000089c34ed0}> (0x0000000089c34ed0) thrown at [./src/hotspot/share/prims/jni.cpp, line 615]
Event: 2989.294 Thread 0x00000284decc1000 Exception <a 'java/lang/NoSuchMethodError'{0x000000008bdd2f40}: 'java.lang.Object java.lang.invoke.DirectMethodHandle$Holder.invokeVirtual(java.lang.Object, java.lang.Object, int, java.lang.Object)'> (0x000000008bdd2f40) thrown at [./src/hotspot/share/interpreter/linkResolver.cpp, line 773]
Event: 2989.335 Thread 0x00000284decc1000 Exception <a 'java/lang/IncompatibleClassChangeError'{0x000000008b9fd6e8}: Found class java.lang.Object, but interface was expected> (0x000000008b9fd6e8) thrown at [./src/hotspot/share/interpreter/linkResolver.cpp, line 839]
Event: 2989.342 Thread 0x00000284decc1000 Exception <a 'java/lang/IncompatibleClassChangeError'{0x000000008b808388}: Found class java.lang.Object, but interface was expected> (0x000000008b808388) thrown at [./src/hotspot/share/interpreter/linkResolver.cpp, line 839]
Event: 2989.414 Thread 0x00000284df774000 Exception <a 'java/lang/NoSuchMethodError'{0x000000008b43ebb8}: 'void java.lang.invoke.DirectMethodHandle$Holder.invokeVirtual(java.lang.Object, java.lang.Object, int, java.lang.Object)'> (0x000000008b43ebb8) thrown at [./src/hotspot/share/interpreter/linkResolver.cpp, line 773]
Event: 2989.431 Thread 0x00000284decc1000 Exception <a 'java/lang/NoSuchMethodError'{0x000000008b7c85f0}: 'void java.lang.invoke.DirectMethodHandle$Holder.invokeVirtual(java.lang.Object, java.lang.Object, int, java.lang.Object)'> (0x000000008b7c85f0) thrown at [./src/hotspot/share/interpreter/linkResolver.cpp, line 773]
Event: 2989.549 Thread 0x00000284decc3800 Exception <a 'java/lang/NoSuchMethodError'{0x000000008b1c9dd0}: 'int java.lang.invoke.DirectMethodHandle$Holder.invokeSpecial(java.lang.Object, java.lang.Object, java.lang.Object, int, java.lang.Object)'> (0x000000008b1c9dd0) thrown at [./src/hotspot/share/interpreter/linkResolver.cpp, line 773]
Event: 2989.566 Thread 0x00000284decc1000 Exception <a 'java/lang/NoSuchMethodError'{0x000000008b094340}: 'java.lang.Object java.lang.invoke.DirectMethodHandle$Holder.newInvokeSpecial(java.lang.Object, int)'> (0x000000008b094340) thrown at [./src/hotspot/share/interpreter/linkResolver.cpp, line 773]
Event: 2989.566 Thread 0x00000284df774000 Exception <a 'java/lang/NoSuchMethodError'{0x000000008b155210}: 'java.lang.Object java.lang.invoke.DirectMethodHandle$Holder.newInvokeSpecial(java.lang.Object, int)'> (0x000000008b155210) thrown at [./src/hotspot/share/interpreter/linkResolver.cpp, line 773]
Event: 2989.866 Thread 0x00000284decc1000 Exception <a 'java/lang/NoSuchMethodError'{0x000000008daae348}: 'java.lang.Object java.lang.invoke.DirectMethodHandle$Holder.invokeInterface(java.lang.Object, java.lang.Object, int)'> (0x000000008daae348) thrown at [./src/hotspot/share/interpreter/linkResolver.cpp, line 773]
Event: 2990.841 Thread 0x00000284decc6800 Exception <a 'java/lang/NoSuchMethodError'{0x000000008b4abc98}: 'void java.lang.invoke.DirectMethodHandle$Holder.invokeSpecial(java.lang.Object, java.lang.Object, int, java.lang.Object, java.lang.Object, java.lang.Object, java.lang.Object)'> (0x000000008b4abc98) thrown at [./src/hotspot/share/interpreter/linkResolver.cpp, line 773]
Event: 2990.843 Thread 0x00000284decc6800 Exception <a 'java/lang/NoSuchMethodError'{0x000000008b306a18}: 'java.lang.Object java.lang.invoke.Invokers$Holder.linkToTargetMethod(java.lang.Object, int, java.lang.Object, java.lang.Object, java.lang.Object, java.lang.Object)'> (0x000000008b306a18) thrown at [./src/hotspot/share/interpreter/linkResolver.cpp, line 773]
Event: 2990.853 Thread 0x00000284decc6800 Exception <a 'java/lang/NoSuchMethodError'{0x000000008b30aec8}: 'void java.lang.invoke.DirectMethodHandle$Holder.invokeSpecial(java.lang.Object, java.lang.Object, java.lang.Object, java.lang.Object, java.lang.Object, java.lang.Object, java.lang.Object, java.lang.Object, java.lang.Object)'> (0x000000008b30aec8) thrown at [./src/hotspot/share/interpreter/linkResolver.cpp, line 773]
Event: 2990.920 Thread 0x00000284decc6800 Exception <a 'java/lang/NoSuchMethodError'{0x000000008dd27348}: 'void java.lang.invoke.DirectMethodHandle$Holder.invokeStatic(java.lang.Object, java.lang.Object, java.lang.Object, java.lang.Object, java.lang.Object, java.lang.Object, java.lang.Object, java.lang.Object)'> (0x000000008dd27348) thrown at [./src/hotspot/share/interpreter/linkResolver.cpp, line 773]
Event: 2991.069 Thread 0x00000284decc1000 Exception <a 'java/lang/NoSuchMethodError'{0x000000008dab4c40}: 'int java.lang.invoke.DirectMethodHandle$Holder.invokeInterface(java.lang.Object, java.lang.Object, int)'> (0x000000008dab4c40) thrown at [./src/hotspot/share/interpreter/linkResolver.cpp, line 773]
Event: 2991.160 Thread 0x00000284decc6800 Exception <a 'java/lang/IncompatibleClassChangeError'{0x000000008d1d13a0}: Found class java.lang.Object, but interface was expected> (0x000000008d1d13a0) thrown at [./src/hotspot/share/interpreter/linkResolver.cpp, line 839]
Event: 2991.609 Thread 0x00000284decc6800 Exception <a 'java/lang/NoSuchMethodError'{0x000000008cab2f48}: 'void java.lang.invoke.DirectMethodHandle$Holder.invokeVirtual(java.lang.Object, java.lang.Object, int)'> (0x000000008cab2f48) thrown at [./src/hotspot/share/interpreter/linkResolver.cpp, line 773]
Event: 2991.652 Thread 0x00000284decc6800 Exception <a 'sun/nio/fs/WindowsException'{0x000000008c9c1100}> (0x000000008c9c1100) thrown at [./src/hotspot/share/prims/jni.cpp, line 615]
Event: 2992.317 Thread 0x00000284decc6800 Exception <a 'sun/nio/fs/WindowsException'{0x000000008d064190}> (0x000000008d064190) thrown at [./src/hotspot/share/prims/jni.cpp, line 615]
Event: 2999.117 Thread 0x00000284df774000 Implicit null exception at 0x00000284ce0341f8 to 0x00000284ce034480

Events (20 events):
Event: 3000.032 loading class com/android/tools/r8/internal/Rr
Event: 3000.032 loading class com/android/tools/r8/internal/Rr done
Event: 3000.466 Executing VM operation: G1CollectForAllocation
Event: 3000.475 Executing VM operation: G1CollectForAllocation done
Event: 3000.520 Executing VM operation: G1CollectForAllocation
Event: 3000.593 Executing VM operation: G1CollectForAllocation done
Event: 3000.608 loading class com/android/tools/r8/code/U3
Event: 3000.608 loading class com/android/tools/r8/code/U3 done
Event: 3000.609 loading class com/android/tools/r8/code/X3
Event: 3000.609 loading class com/android/tools/r8/code/X3 done
Event: 3000.848 loading class com/android/tools/r8/code/W3
Event: 3000.848 loading class com/android/tools/r8/code/W3 done
Event: 3000.849 loading class com/android/tools/r8/code/Y3
Event: 3000.849 loading class com/android/tools/r8/code/Y3 done
Event: 3000.850 loading class com/android/tools/r8/code/V3
Event: 3000.850 loading class com/android/tools/r8/code/V3 done
Event: 3003.012 Executing VM operation: G1CollectForAllocation
Event: 3003.020 Executing VM operation: G1CollectForAllocation done
Event: 3004.987 Executing VM operation: G1CollectForAllocation
Event: 3005.016 Executing VM operation: G1CollectForAllocation done


Dynamic libraries:
0x00007ff6ecc60000 - 0x00007ff6ecc6a000 	C:\Program Files\Android\Android Studio\jre\bin\java.exe
0x00007ffbbf850000 - 0x00007ffbbfa45000 	C:\WINDOWS\SYSTEM32\ntdll.dll
0x00007ffbbe4f0000 - 0x00007ffbbe5ae000 	C:\WINDOWS\System32\KERNEL32.DLL
0x00007ffbbd5d0000 - 0x00007ffbbd899000 	C:\WINDOWS\System32\KERNELBASE.dll
0x00007ffbba040000 - 0x00007ffbba0d0000 	C:\WINDOWS\SYSTEM32\apphelp.dll
0x00007ffbbd360000 - 0x00007ffbbd460000 	C:\WINDOWS\System32\ucrtbase.dll
0x00007ffbb4460000 - 0x00007ffbb4477000 	C:\Program Files\Android\Android Studio\jre\bin\VCRUNTIME140.dll
0x00007ffbb4440000 - 0x00007ffbb4459000 	C:\Program Files\Android\Android Studio\jre\bin\jli.dll
0x00007ffbbdec0000 - 0x00007ffbbe061000 	C:\WINDOWS\System32\USER32.dll
0x00007ffbbcf70000 - 0x00007ffbbcf92000 	C:\WINDOWS\System32\win32u.dll
0x00007ffba3030000 - 0x00007ffba32ca000 	C:\WINDOWS\WinSxS\amd64_microsoft.windows.common-controls_6595b64144ccf1df_6.0.19041.1110_none_60b5254171f9507e\COMCTL32.dll
0x00007ffbbeb20000 - 0x00007ffbbeb4b000 	C:\WINDOWS\System32\GDI32.dll
0x00007ffbbe950000 - 0x00007ffbbe9ee000 	C:\WINDOWS\System32\msvcrt.dll
0x00007ffbbd100000 - 0x00007ffbbd20b000 	C:\WINDOWS\System32\gdi32full.dll
0x00007ffbbd2c0000 - 0x00007ffbbd35d000 	C:\WINDOWS\System32\msvcp_win.dll
0x00007ffbbf780000 - 0x00007ffbbf7b0000 	C:\WINDOWS\System32\IMM32.DLL
0x00007ffb93920000 - 0x00007ffb939bd000 	C:\Program Files\Android\Android Studio\jre\bin\msvcp140.dll
0x00007ffb7ffb0000 - 0x00007ffb80a7f000 	C:\Program Files\Android\Android Studio\jre\bin\server\jvm.dll
0x00007ffbbeb50000 - 0x00007ffbbebfc000 	C:\WINDOWS\System32\ADVAPI32.dll
0x00007ffbbd8b0000 - 0x00007ffbbd94b000 	C:\WINDOWS\System32\sechost.dll
0x00007ffbbe9f0000 - 0x00007ffbbeb1a000 	C:\WINDOWS\System32\RPCRT4.dll
0x00007ffbbd8a0000 - 0x00007ffbbd8a8000 	C:\WINDOWS\System32\PSAPI.DLL
0x00007ffbabac0000 - 0x00007ffbabac9000 	C:\WINDOWS\SYSTEM32\WSOCK32.dll
0x00007ffbb6190000 - 0x00007ffbb619a000 	C:\WINDOWS\SYSTEM32\VERSION.dll
0x00007ffba8c60000 - 0x00007ffba8c87000 	C:\WINDOWS\SYSTEM32\WINMM.dll
0x00007ffbbe480000 - 0x00007ffbbe4eb000 	C:\WINDOWS\System32\WS2_32.dll
0x00007ffbbb7f0000 - 0x00007ffbbb802000 	C:\WINDOWS\SYSTEM32\kernel.appcore.dll
0x00007ffbb8100000 - 0x00007ffbb8111000 	C:\Program Files\Android\Android Studio\jre\bin\verify.dll
0x00007ffbbad20000 - 0x00007ffbbaf04000 	C:\WINDOWS\SYSTEM32\DBGHELP.DLL
0x00007ffbab2d0000 - 0x00007ffbab2fc000 	C:\WINDOWS\SYSTEM32\dbgcore.DLL
0x00007ffbbd540000 - 0x00007ffbbd5c3000 	C:\WINDOWS\System32\bcryptPrimitives.dll
0x00007ffbb6780000 - 0x00007ffbb67a9000 	C:\Program Files\Android\Android Studio\jre\bin\java.dll
0x00007ffbb81e0000 - 0x00007ffbb81eb000 	C:\Program Files\Android\Android Studio\jre\bin\jimage.dll
0x00007ffbb7190000 - 0x00007ffbb71a8000 	C:\Program Files\Android\Android Studio\jre\bin\zip.dll
0x00007ffbbef70000 - 0x00007ffbbf6af000 	C:\WINDOWS\System32\SHELL32.dll
0x00007ffbbb050000 - 0x00007ffbbb7e0000 	C:\WINDOWS\SYSTEM32\windows.storage.dll
0x00007ffbbec10000 - 0x00007ffbbef65000 	C:\WINDOWS\System32\combase.dll
0x00007ffbbc8f0000 - 0x00007ffbbc91c000 	C:\WINDOWS\SYSTEM32\Wldp.dll
0x00007ffbbe2b0000 - 0x00007ffbbe35d000 	C:\WINDOWS\System32\SHCORE.dll
0x00007ffbbe740000 - 0x00007ffbbe795000 	C:\WINDOWS\System32\shlwapi.dll
0x00007ffbbceb0000 - 0x00007ffbbcecf000 	C:\WINDOWS\SYSTEM32\profapi.dll
0x00007ffbb6430000 - 0x00007ffbb644a000 	C:\Program Files\Android\Android Studio\jre\bin\net.dll
0x00007ffbb2a80000 - 0x00007ffbb2b88000 	C:\WINDOWS\SYSTEM32\WINHTTP.dll
0x00007ffbbc650000 - 0x00007ffbbc6ba000 	C:\WINDOWS\system32\mswsock.dll
0x00007ffbb4d80000 - 0x00007ffbb4d94000 	C:\Program Files\Android\Android Studio\jre\bin\nio.dll
0x00007ffbb71b0000 - 0x00007ffbb71d7000 	C:\Users\user\.gradle\native\8bec1ad78214c89d9ad589b4d07fe93259594b29d510b10fafb7a158f7737e5d\windows-amd64\native-platform.dll
0x00007ffb99990000 - 0x00007ffb99acd000 	C:\Users\user\.gradle\native\53dbd7edfb1c66fb8903c78663c9afc45aea4f116125fa6feffd364cf09443e8\windows-amd64\native-platform-file-events.dll
0x00007ffbb7410000 - 0x00007ffbb741a000 	C:\Program Files\Android\Android Studio\jre\bin\management.dll
0x00007ffbb4cc0000 - 0x00007ffbb4ccc000 	C:\Program Files\Android\Android Studio\jre\bin\management_ext.dll
0x00007ffbbc840000 - 0x00007ffbbc858000 	C:\WINDOWS\SYSTEM32\CRYPTSP.dll
0x00007ffbbbfd0000 - 0x00007ffbbc004000 	C:\WINDOWS\system32\rsaenh.dll
0x00007ffbbd510000 - 0x00007ffbbd537000 	C:\WINDOWS\System32\bcrypt.dll
0x00007ffbbce30000 - 0x00007ffbbce5e000 	C:\WINDOWS\SYSTEM32\USERENV.dll
0x00007ffbbc860000 - 0x00007ffbbc86c000 	C:\WINDOWS\SYSTEM32\CRYPTBASE.dll
0x00007ffbbc340000 - 0x00007ffbbc37b000 	C:\WINDOWS\SYSTEM32\IPHLPAPI.DLL
0x00007ffbbec00000 - 0x00007ffbbec08000 	C:\WINDOWS\System32\NSI.dll
0x00007ffbb4550000 - 0x00007ffbb4567000 	C:\WINDOWS\SYSTEM32\dhcpcsvc6.DLL
0x00007ffbb4b90000 - 0x00007ffbb4bad000 	C:\WINDOWS\SYSTEM32\dhcpcsvc.DLL
0x00007ffbbc380000 - 0x00007ffbbc44c000 	C:\WINDOWS\SYSTEM32\DNSAPI.dll
0x00007ffbb4060000 - 0x00007ffbb4087000 	C:\Program Files\Android\Android Studio\jre\bin\sunec.dll
0x000000006d530000 - 0x000000006d556000 	C:\Program Files\Bonjour\mdnsNSP.dll
0x00007ffbb2b90000 - 0x00007ffbb2b9a000 	C:\Windows\System32\rasadhlp.dll
0x00007ffbb2c40000 - 0x00007ffbb2cbf000 	C:\WINDOWS\System32\fwpuclnt.dll
0x00007ffbbbc60000 - 0x00007ffbbbc93000 	C:\WINDOWS\SYSTEM32\ntmarta.dll

dbghelp: loaded successfully - version: 4.0.5 - missing functions: none
symbol engine: initialized successfully - sym options: 0x614 - pdb path: .;C:\Program Files\Android\Android Studio\jre\bin;C:\WINDOWS\SYSTEM32;C:\WINDOWS\WinSxS\amd64_microsoft.windows.common-controls_6595b64144ccf1df_6.0.19041.1110_none_60b5254171f9507e;C:\Program Files\Android\Android Studio\jre\bin\server;C:\Users\user\.gradle\native\8bec1ad78214c89d9ad589b4d07fe93259594b29d510b10fafb7a158f7737e5d\windows-amd64;C:\Users\user\.gradle\native\53dbd7edfb1c66fb8903c78663c9afc45aea4f116125fa6feffd364cf09443e8\windows-amd64;C:\Program Files\Bonjour

VM Arguments:
jvm_args: --add-opens=java.base/java.util=ALL-UNNAMED --add-opens=java.base/java.lang=ALL-UNNAMED --add-opens=java.base/java.lang.invoke=ALL-UNNAMED --add-opens=java.base/java.util=ALL-UNNAMED --add-opens=java.prefs/java.util.prefs=ALL-UNNAMED --add-opens=java.prefs/java.util.prefs=ALL-UNNAMED --add-opens=java.base/java.nio.charset=ALL-UNNAMED --add-opens=java.base/java.net=ALL-UNNAMED --add-opens=java.base/java.util.concurrent.atomic=ALL-UNNAMED -Xmx2048m -Dfile.encoding=UTF-8 -Duser.country=US -Duser.language=en -Duser.variant 
java_command: org.gradle.launcher.daemon.bootstrap.GradleDaemon 7.0.2
java_class_path (initial): C:\Users\user\.gradle\wrapper\dists\gradle-7.0.2-bin\857tjihv64xamwrf0h14cai3r\gradle-7.0.2\lib\gradle-launcher-7.0.2.jar
Launcher Type: SUN_STANDARD

[Global flags]
     intx CICompilerCount                          = 3                                         {product} {ergonomic}
     uint ConcGCThreads                            = 1                                         {product} {ergonomic}
     uint G1ConcRefinementThreads                  = 4                                         {product} {ergonomic}
   size_t G1HeapRegionSize                         = 1048576                                   {product} {ergonomic}
    uintx GCDrainStackTargetSize                   = 64                                        {product} {ergonomic}
   size_t InitialHeapSize                          = 134217728                                 {product} {ergonomic}
   size_t MarkStackSize                            = 4194304                                   {product} {ergonomic}
   size_t MaxHeapSize                              = 2147483648                                {product} {command line}
   size_t MaxNewSize                               = 1287651328                                {product} {ergonomic}
   size_t MinHeapDeltaBytes                        = 1048576                                   {product} {ergonomic}
    uintx NonNMethodCodeHeapSize                   = 5830732                                {pd product} {ergonomic}
    uintx NonProfiledCodeHeapSize                  = 122913754                              {pd product} {ergonomic}
    uintx ProfiledCodeHeapSize                     = 122913754                              {pd product} {ergonomic}
    uintx ReservedCodeCacheSize                    = 251658240                              {pd product} {ergonomic}
     bool SegmentedCodeCache                       = true                                      {product} {ergonomic}
     bool UseCompressedClassPointers               = true                                 {lp64_product} {ergonomic}
     bool UseCompressedOops                        = true                                 {lp64_product} {ergonomic}
     bool UseG1GC                                  = true                                      {product} {ergonomic}
     bool UseLargePagesIndividualAllocation        = false                                  {pd product} {ergonomic}

Logging:
Log output configuration:
 #0: stdout all=warning uptime,level,tags
 #1: stderr all=off uptime,level,tags

Environment Variables:
JAVA_HOME=C:\Program Files\Java\jdk-17.0.1
PATH=C:\Program Files\Common Files\Oracle\Java\javapath;C:\Program Files (x86)\Common Files\Oracle\Java\javapath;C:\Program Files (x86)\Common Files\Intel\Shared Libraries\redist\ia32\compiler;C:\Program Files (x86)\Common Files\Intel\Shared Libraries\redist\intel64\compiler;C:\WINDOWS\system32;C:\WINDOWS;C:\WINDOWS\System32\Wbem;C:\WINDOWS\System32\WindowsPowerShell\v1.0\;C:\WINDOWS\System32\OpenSSH\;C:\Program Files (x86)\QuickTime\QTSystem\;C:\Program Files\Java\jdk-17.0.1\bin;C:\Program Files\MySQL\MySQL Shell 8.0\bin\;C:\Users\user\AppData\Local\Microsoft\WindowsApps;;C:\Users\user\AppData\Local\Programs\Microsoft VS Code\bin;C:\Program Files\Bandizip\
USERNAME=user
OS=Windows_NT
PROCESSOR_IDENTIFIER=Intel64 Family 6 Model 142 Stepping 9, GenuineIntel



---------------  S Y S T E M  ---------------

OS: Windows 10 , 64 bit Build 19041 (10.0.19041.1202)
OS uptime: 0 days 20:54 hours

CPU:total 4 (initial active 4) (2 cores per cpu, 2 threads per core) family 6 model 142 stepping 9 microcode 0xb4, cmov, cx8, fxsr, mmx, sse, sse2, sse3, ssse3, sse4.1, sse4.2, popcnt, avx, avx2, aes, clmul, erms, 3dnowpref, lzcnt, ht, tsc, tscinvbit, bmi1, bmi2, adx, fma

Memory: 4k page, system-wide physical 8072M (367M free)
TotalPageFile size 11763M (AvailPageFile size 25M)
current process WorkingSet (physical memory assigned to process): 406M, peak: 632M
current process commit charge ("private bytes"): 762M, peak: 783M

vm_info: OpenJDK 64-Bit Server VM (11.0.10+0-b96-7249189) for windows-amd64 JRE (11.0.10+0-b96-7249189), built on Mar 31 2021 21:44:00 by "builder" with MS VC++ 14.0 (VS2015)

END.
